[2024-01-04T11:02:00.338] [INFO] access - ::1 - - "GET /userinfo/list HTTP/1.1" 200 255 "" "PostmanRuntime/7.36.0"
[2024-01-04T15:47:01.285] [INFO] access - ::1 - - "POST /userinfo/login HTTP/1.1" 200 463 "" "PostmanRuntime/7.36.0"
[2024-01-04T15:47:59.849] [INFO] access - ::1 - - "GET /userinfo/list HTTP/1.1" 200 255 "" "PostmanRuntime/7.36.0"
[2024-01-04T15:52:46.787] [INFO] access - ::1 - - "POST /userinfo/login HTTP/1.1" 200 463 "" "PostmanRuntime/7.36.0"
[2024-01-04T16:03:45.594] [INFO] access - ::1 - - "POST /userinfo/login HTTP/1.1" 200 1053 "" "PostmanRuntime/7.36.0"
[2024-01-04T16:06:30.078] [INFO] access - ::1 - - "POST /userinfo/login HTTP/1.1" 200 353 "" "PostmanRuntime/7.36.0"
[2024-01-04T16:06:38.861] [INFO] access - ::1 - - "PATCH /userinfo/changePassword HTTP/1.1" 200 50 "" "PostmanRuntime/7.36.0"
[2024-01-04T16:07:58.488] [INFO] access - ::1 - - "POST /userinfo/login HTTP/1.1" 401 49 "" "PostmanRuntime/7.36.0"
[2024-01-04T16:08:30.531] [INFO] access - ::1 - - "POST /userinfo/login HTTP/1.1" 200 353 "" "PostmanRuntime/7.36.0"
[2024-01-04T16:08:40.655] [INFO] access - ::1 - - "GET /userinfo/list HTTP/1.1" 200 255 "" "PostmanRuntime/7.36.0"
[2024-01-04T17:34:02.713] [INFO] access - ::1 - - "POST /userinfo/list HTTP/1.1" 404 - "" "PostmanRuntime/7.36.0"
[2024-01-04T17:34:09.463] [INFO] access - ::1 - - "GET /userinfo/list HTTP/1.1" 200 255 "" "PostmanRuntime/7.36.0"
[2024-01-04T17:34:49.568] [INFO] access - ::1 - - "POST /userinfo/list HTTP/1.1" 405 - "" "PostmanRuntime/7.36.0"
[2024-01-04T17:34:58.257] [INFO] access - ::1 - - "PUT /userinfo/list HTTP/1.1" 405 - "" "PostmanRuntime/7.36.0"
[2024-01-04T17:35:01.872] [INFO] access - ::1 - - "PATCH /userinfo/list HTTP/1.1" 405 - "" "PostmanRuntime/7.36.0"
[2024-01-04T17:35:06.508] [INFO] access - ::1 - - "DELETE /userinfo/list HTTP/1.1" 405 - "" "PostmanRuntime/7.36.0"
[2024-01-04T17:35:10.353] [INFO] access - ::1 - - "OPTIONS /userinfo/list HTTP/1.1" 200 - "" "PostmanRuntime/7.36.0"
[2024-01-04T17:35:17.599] [INFO] access - ::1 - - "HEAD /userinfo/list HTTP/1.1" 200 255 "" "PostmanRuntime/7.36.0"
[2024-01-04T17:35:23.022] [INFO] access - ::1 - - "POST /userinfo/list HTTP/1.1" 405 - "" "PostmanRuntime/7.36.0"
[2024-01-04T17:35:29.656] [INFO] access - ::1 - - "GET /userinfo/list HTTP/1.1" 200 255 "" "PostmanRuntime/7.36.0"
