[2024-01-10T11:32:33.931] [INFO] access - ::1 - - "POST /fn/uploads HTTP/1.1" 200 320 "" "PostmanRuntime/7.36.0"
[2024-01-10T11:33:03.729] [INFO] access - ::1 - - "GET /userinfo/resetPassword?id=1 HTTP/1.1" 200 39 "" "PostmanRuntime/7.36.0"
[2024-01-10T11:33:08.105] [INFO] access - ::1 - - "POST /userinfo/login HTTP/1.1" 200 368 "" "PostmanRuntime/7.36.0"
[2024-01-10T11:41:57.542] [INFO] access - ::1 - - "GET /userinfo/list HTTP/1.1" 200 268 "" "PostmanRuntime/7.36.0"
[2024-01-10T11:44:26.436] [INFO] access - ::1 - - "GET /userinfo/resetPassword?id=1 HTTP/1.1" 200 39 "" "PostmanRuntime/7.36.0"
[2024-01-10T11:44:34.502] [INFO] access - ::1 - - "GET /userinfo/list HTTP/1.1" 401 63 "" "PostmanRuntime/7.36.0"
[2024-01-10T11:45:31.383] [INFO] access - ::1 - - "POST /userinfo/login HTTP/1.1" 200 368 "" "PostmanRuntime/7.36.0"
[2024-01-10T12:01:18.484] [INFO] access - ::1 - - "GET /userinfo/list HTTP/1.1" 200 268 "" "PostmanRuntime/7.36.0"
[2024-01-10T17:17:42.233] [INFO] access - ::1 - - "GET /userinfo/resetPassword?id=1 HTTP/1.1" 200 52 "" "PostmanRuntime/7.36.0"
[2024-01-10T17:17:59.008] [INFO] access - ::1 - - "POST /userinfo/login HTTP/1.1" 401 49 "" "PostmanRuntime/7.36.0"
[2024-01-10T17:18:05.097] [INFO] access - ::1 - - "POST /userinfo/login HTTP/1.1" 200 368 "" "PostmanRuntime/7.36.0"
[2024-01-10T17:18:37.261] [INFO] access - ::1 - - "PATCH /userinfo/changePassword HTTP/1.1" 200 50 "" "PostmanRuntime/7.36.0"
[2024-01-10T17:27:11.052] [INFO] access - ::1 - - "POST /fn/uploads HTTP/1.1" 401 63 "" "PostmanRuntime/7.36.0"
[2024-01-10T17:52:51.500] [INFO] access - ::1 - - "POST /fn/uploads HTTP/1.1" 401 63 "" "PostmanRuntime/7.36.0"
[2024-01-10T17:54:39.063] [INFO] access - ::1 - - "POST /fn/uploads HTTP/1.1" 401 63 "" "PostmanRuntime/7.36.0"
[2024-01-10T17:55:40.533] [INFO] access - ::1 - - "POST /fn/uploads HTTP/1.1" 401 63 "" "PostmanRuntime/7.36.0"
[2024-01-10T18:10:21.323] [INFO] access - ::1 - - "GET /userinfo/list HTTP/1.1" 404 - "" "PostmanRuntime/7.36.0"
[2024-01-10T18:10:35.542] [INFO] access - ::1 - - "GET /userinfo/list HTTP/1.1" 404 - "" "PostmanRuntime/7.36.0"
[2024-01-10T18:10:50.128] [INFO] access - ::1 - - "POST /userinfo/login HTTP/1.1" 200 368 "" "PostmanRuntime/7.36.0"
[2024-01-10T18:19:46.101] [INFO] access - ::1 - - "GET /userinfo/resetPassword?id=1 HTTP/1.1" 200 52 "" "PostmanRuntime/7.36.0"
[2024-01-10T18:19:49.530] [INFO] access - ::1 - - "POST /fn/uploads HTTP/1.1" 401 63 "" "PostmanRuntime/7.36.0"
[2024-01-10T18:21:06.988] [INFO] access - ::1 - - "POST /fn/uploads HTTP/1.1" 401 63 "" "PostmanRuntime/7.36.0"
[2024-01-10T18:21:15.383] [INFO] access - ::1 - - "POST /fn/uploads HTTP/1.1" 401 63 "" "PostmanRuntime/7.36.0"
[2024-01-10T18:21:41.428] [INFO] access - ::1 - - "POST /fn/uploads HTTP/1.1" 401 63 "" "PostmanRuntime/7.36.0"
