[2024-01-09T10:46:02.693] [INFO] access - ::1 - - "PATCH /userinfo/changePassword HTTP/1.1" 401 51 "" "PostmanRuntime/7.36.0"
[2024-01-09T10:46:09.966] [INFO] access - ::1 - - "POST /userinfo/login HTTP/1.1" 200 374 "" "PostmanRuntime/7.36.0"
[2024-01-09T10:46:14.173] [INFO] access - ::1 - - "PATCH /userinfo/changePassword HTTP/1.1" 200 50 "" "PostmanRuntime/7.36.0"
[2024-01-09T11:02:08.337] [INFO] access - ::1 - - "GET /userinfo/list HTTP/1.1" 200 271 "" "PostmanRuntime/7.36.0"
[2024-01-09T12:22:53.968] [INFO] access - ::1 - - "GET /userinfo/list HTTP/1.1" 200 271 "" "PostmanRuntime/7.36.0"
[2024-01-09T12:24:08.975] [INFO] access - ::1 - - "GET /userinfo/list HTTP/1.1" 401 51 "" "PostmanRuntime/7.36.0"
[2024-01-09T12:24:34.036] [INFO] access - ::1 - - "POST /userinfo/login HTTP/1.1" 200 374 "" "PostmanRuntime/7.36.0"
[2024-01-09T12:24:41.692] [INFO] access - ::1 - - "GET /userinfo/list HTTP/1.1" 401 51 "" "PostmanRuntime/7.36.0"
[2024-01-09T12:24:45.608] [INFO] access - ::1 - - "GET /userinfo/list HTTP/1.1" 401 51 "" "PostmanRuntime/7.36.0"
[2024-01-09T12:56:48.191] [INFO] access - ::1 - - "POST /userinfo/login HTTP/1.1" 200 374 "" "PostmanRuntime/7.36.0"
[2024-01-09T12:56:53.207] [INFO] access - ::1 - - "GET /userinfo/list HTTP/1.1" 401 51 "" "PostmanRuntime/7.36.0"
[2024-01-09T12:58:58.833] [INFO] access - ::1 - - "GET /userinfo/list HTTP/1.1" 401 51 "" "PostmanRuntime/7.36.0"
[2024-01-09T13:01:13.605] [INFO] access - ::1 - - "POST /userinfo/login HTTP/1.1" 200 374 "" "PostmanRuntime/7.36.0"
[2024-01-09T13:01:19.982] [INFO] access - ::1 - - "GET /userinfo/list HTTP/1.1" 401 51 "" "PostmanRuntime/7.36.0"
[2024-01-09T13:01:56.596] [INFO] access - ::1 - - "GET /userinfo/list HTTP/1.1" 200 271 "" "PostmanRuntime/7.36.0"
[2024-01-09T16:55:43.650] [INFO] access - ::1 - - "POST /fn/uploads HTTP/1.1" 403 58 "" "PostmanRuntime/7.36.0"
[2024-01-09T17:00:54.799] [INFO] access - ::1 - - "POST /userinfo/modifyUser?isAdmin=true&username=xytao HTTP/1.1" 500 73 "" "PostmanRuntime/7.36.0"
[2024-01-09T17:02:07.101] [INFO] access - ::1 - - "POST /userinfo/modifyUser?isAdmin=true&username=xytao HTTP/1.1" 401 63 "" "PostmanRuntime/7.36.0"
[2024-01-09T17:02:44.289] [INFO] access - ::1 - - "GET /userinfo/list HTTP/1.1" 401 63 "" "PostmanRuntime/7.36.0"
[2024-01-09T17:02:53.239] [INFO] access - ::1 - - "POST /userinfo/login HTTP/1.1" 200 374 "" "PostmanRuntime/7.36.0"
[2024-01-09T17:03:06.774] [INFO] access - ::1 - - "POST /userinfo/modifyUser?isAdmin=true&username=xytao HTTP/1.1" 500 73 "" "PostmanRuntime/7.36.0"
[2024-01-09T17:03:48.385] [INFO] access - ::1 - - "POST /userinfo/login HTTP/1.1" 200 374 "" "PostmanRuntime/7.36.0"
[2024-01-09T17:04:38.530] [INFO] access - ::1 - - "POST /userinfo/modifyUser?isAdmin=true&username=xytao HTTP/1.1" 500 73 "" "PostmanRuntime/7.36.0"
[2024-01-09T17:06:38.281] [INFO] access - ::1 - - "POST /userinfo/modifyUser?isAdmin=true&username=xytao HTTP/1.1" 401 63 "" "PostmanRuntime/7.36.0"
[2024-01-09T17:06:49.250] [INFO] access - ::1 - - "POST /userinfo/login HTTP/1.1" 200 374 "" "PostmanRuntime/7.36.0"
[2024-01-09T17:06:57.741] [INFO] access - ::1 - - "GET /userinfo/list HTTP/1.1" 200 271 "" "PostmanRuntime/7.36.0"
[2024-01-09T17:07:02.027] [INFO] access - ::1 - - "POST /userinfo/modifyUser?isAdmin=true&username=xytao HTTP/1.1" 500 73 "" "PostmanRuntime/7.36.0"
[2024-01-09T17:07:13.536] [INFO] access - ::1 - - "GET /userinfo/list HTTP/1.1" 401 63 "" "PostmanRuntime/7.36.0"
[2024-01-09T17:16:20.138] [INFO] access - ::1 - - "POST /userinfo/login HTTP/1.1" 200 374 "" "PostmanRuntime/7.36.0"
[2024-01-09T17:16:24.302] [INFO] access - ::1 - - "POST /userinfo/modifyUser?isAdmin=true&username=xytao HTTP/1.1" 500 73 "" "PostmanRuntime/7.36.0"
[2024-01-09T17:16:28.073] [INFO] access - ::1 - - "GET /userinfo/list HTTP/1.1" 401 63 "" "PostmanRuntime/7.36.0"
[2024-01-09T17:17:06.122] [INFO] access - ::1 - - "POST /userinfo/modifyUser?isAdmin=true&username=xytao HTTP/1.1" 401 63 "" "PostmanRuntime/7.36.0"
[2024-01-09T17:17:43.368] [INFO] access - ::1 - - "POST /userinfo/modifyUser?isAdmin=true&username=xytao HTTP/1.1" 401 63 "" "PostmanRuntime/7.36.0"
[2024-01-09T17:18:37.124] [INFO] access - ::1 - - "POST /userinfo/modifyUser?isAdmin=true&username=xytao HTTP/1.1" 401 63 "" "PostmanRuntime/7.36.0"
[2024-01-09T17:25:47.382] [INFO] access - ::1 - - "POST /userinfo/login HTTP/1.1" 200 374 "" "PostmanRuntime/7.36.0"
[2024-01-09T17:25:50.707] [INFO] access - ::1 - - "POST /userinfo/modifyUser?isAdmin=true&username=xytao HTTP/1.1" 500 73 "" "PostmanRuntime/7.36.0"
[2024-01-09T17:26:29.622] [INFO] access - ::1 - - "GET /userinfo/list HTTP/1.1" 200 271 "" "PostmanRuntime/7.36.0"
[2024-01-09T17:30:39.766] [INFO] access - ::1 - - "POST /userinfo/modifyUser?isAdmin=true&username=xytao HTTP/1.1" 200 50 "" "PostmanRuntime/7.36.0"
[2024-01-09T17:30:54.149] [INFO] access - ::1 - - "POST /fn/uploads HTTP/1.1" 401 63 "" "PostmanRuntime/7.36.0"
[2024-01-09T17:31:08.343] [INFO] access - ::1 - - "POST /userinfo/login HTTP/1.1" 200 370 "" "PostmanRuntime/7.36.0"
[2024-01-09T17:31:11.658] [INFO] access - ::1 - - "POST /fn/uploads HTTP/1.1" 200 320 "" "PostmanRuntime/7.36.0"
[2024-01-09T17:34:51.082] [INFO] access - ::1 - - "GET /userinfo/resetPassword?id=1 HTTP/1.1" 500 73 "" "PostmanRuntime/7.36.0"
[2024-01-09T17:37:23.713] [INFO] access - ::1 - - "GET /userinfo/resetPassword?id=1 HTTP/1.1" 200 39 "" "PostmanRuntime/7.36.0"
[2024-01-09T17:37:31.578] [INFO] access - ::1 - - "POST /fn/uploads HTTP/1.1" 401 63 "" "PostmanRuntime/7.36.0"
[2024-01-09T17:38:34.320] [INFO] access - ::1 - - "POST /fn/uploads HTTP/1.1" 401 63 "" "PostmanRuntime/7.36.0"
[2024-01-09T17:39:44.200] [INFO] access - ::1 - - "POST /fn/uploads HTTP/1.1" 401 63 "" "PostmanRuntime/7.36.0"
[2024-01-09T17:44:06.138] [INFO] access - ::1 - - "GET /userinfo/list HTTP/1.1" 401 63 "" "PostmanRuntime/7.36.0"
[2024-01-09T17:44:29.133] [INFO] access - ::1 - - "POST /userinfo/login HTTP/1.1" 200 370 "" "PostmanRuntime/7.36.0"
