[2023-08-08T11:49:45.054] [ERROR] application - UnauthorizedError: Bad Authorization header format. Format is "Authorization: Bearer <token>"
    at Object.throw (E:\demo\vscode\nodePsql\node_modules\koa\lib\context.js:97:11)
    at resolveAuthorizationHeader (E:\demo\vscode\nodePsql\node_modules\koa-jwt\lib\resolvers\auth-header.js:26:18)
    at E:\demo\vscode\nodePsql\node_modules\koa-jwt\lib\index.js:20:49
    at Array.find (<anonymous>)
    at jwt (E:\demo\vscode\nodePsql\node_modules\koa-jwt\lib\index.js:20:24)
    at dispatch (E:\demo\vscode\nodePsql\node_modules\koa-compose\index.js:42:32)
    at E:\demo\vscode\nodePsql\node_modules\@koa\router\lib\router.js:425:16
    at dispatch (E:\demo\vscode\nodePsql\node_modules\koa-compose\index.js:42:32)
    at E:\demo\vscode\nodePsql\node_modules\koa-compose\index.js:34:12
    at dispatch (E:\demo\vscode\nodePsql\node_modules\@koa\router\lib\router.js:430:31) {
  headers: {
    'Access-Control-Allow-Origin': 'http://localhost:8000',
    'Access-Control-Allow-Credentials': 'true',
    vary: 'Origin'
  }
}
[2023-08-08T11:50:01.464] [ERROR] application - UnauthorizedError: Bad Authorization header format. Format is "Authorization: Bearer <token>"
    at Object.throw (E:\demo\vscode\nodePsql\node_modules\koa\lib\context.js:97:11)
    at resolveAuthorizationHeader (E:\demo\vscode\nodePsql\node_modules\koa-jwt\lib\resolvers\auth-header.js:26:18)
    at E:\demo\vscode\nodePsql\node_modules\koa-jwt\lib\index.js:20:49
    at Array.find (<anonymous>)
    at jwt (E:\demo\vscode\nodePsql\node_modules\koa-jwt\lib\index.js:20:24)
    at dispatch (E:\demo\vscode\nodePsql\node_modules\koa-compose\index.js:42:32)
    at E:\demo\vscode\nodePsql\node_modules\@koa\router\lib\router.js:425:16
    at dispatch (E:\demo\vscode\nodePsql\node_modules\koa-compose\index.js:42:32)
    at E:\demo\vscode\nodePsql\node_modules\koa-compose\index.js:34:12
    at dispatch (E:\demo\vscode\nodePsql\node_modules\@koa\router\lib\router.js:430:31) {
  headers: {
    'Access-Control-Allow-Origin': 'http://localhost:8000',
    'Access-Control-Allow-Credentials': 'true',
    vary: 'Origin'
  }
}
[2023-08-08T11:57:26.536] [ERROR] application - UnauthorizedError: Authentication Error
    at Object.throw (E:\demo\vscode\nodePsql\node_modules\koa\lib\context.js:97:11)
    at jwt (E:\demo\vscode\nodePsql\node_modules\koa-jwt\lib\index.js:23:22)
    at dispatch (E:\demo\vscode\nodePsql\node_modules\koa-compose\index.js:42:32)
    at E:\demo\vscode\nodePsql\node_modules\@koa\router\lib\router.js:425:16
    at dispatch (E:\demo\vscode\nodePsql\node_modules\koa-compose\index.js:42:32)
    at E:\demo\vscode\nodePsql\node_modules\koa-compose\index.js:34:12
    at dispatch (E:\demo\vscode\nodePsql\node_modules\@koa\router\lib\router.js:430:31)
    at dispatch (E:\demo\vscode\nodePsql\node_modules\koa-compose\index.js:42:32)
    at cors (E:\demo\vscode\nodePsql\node_modules\@koa\cors\index.js:108:22) {
  headers: {
    'Access-Control-Allow-Origin': 'http://localhost:8000',
    'Access-Control-Allow-Credentials': 'true',
    vary: 'Origin'
  }
}
[2023-08-08T12:04:00.488] [ERROR] application - TypeError: Cannot destructure property 'data' of 'ctx.state.user' as it is undefined.
    at E:\demo\vscode\nodePsql\router\user01Router.js:54:12
    at dispatch (E:\demo\vscode\nodePsql\node_modules\koa-compose\index.js:42:32)
    at E:\demo\vscode\nodePsql\node_modules\@koa\router\lib\router.js:425:16
    at dispatch (E:\demo\vscode\nodePsql\node_modules\koa-compose\index.js:42:32)
    at E:\demo\vscode\nodePsql\node_modules\koa-unless\index.js:26:14
    at dispatch (E:\demo\vscode\nodePsql\node_modules\koa-compose\index.js:42:32)
    at E:\demo\vscode\nodePsql\node_modules\@koa\router\lib\router.js:425:16
    at dispatch (E:\demo\vscode\nodePsql\node_modules\koa-compose\index.js:42:32)
    at E:\demo\vscode\nodePsql\node_modules\koa-compose\index.js:34:12
    at dispatch (E:\demo\vscode\nodePsql\node_modules\@koa\router\lib\router.js:430:31) {
  headers: {
    'Access-Control-Allow-Origin': 'http://localhost:8000',
    'Access-Control-Allow-Credentials': 'true',
    vary: 'Origin'
  }
}
[2023-08-08T12:04:22.986] [ERROR] application - TypeError: Cannot destructure property 'data' of 'ctx.state.user' as it is undefined.
    at E:\demo\vscode\nodePsql\router\user01Router.js:54:12
    at dispatch (E:\demo\vscode\nodePsql\node_modules\koa-compose\index.js:42:32)
    at E:\demo\vscode\nodePsql\node_modules\@koa\router\lib\router.js:425:16
    at dispatch (E:\demo\vscode\nodePsql\node_modules\koa-compose\index.js:42:32)
    at E:\demo\vscode\nodePsql\node_modules\koa-unless\index.js:26:14
    at dispatch (E:\demo\vscode\nodePsql\node_modules\koa-compose\index.js:42:32)
    at E:\demo\vscode\nodePsql\node_modules\@koa\router\lib\router.js:425:16
    at dispatch (E:\demo\vscode\nodePsql\node_modules\koa-compose\index.js:42:32)
    at E:\demo\vscode\nodePsql\node_modules\koa-compose\index.js:34:12
    at dispatch (E:\demo\vscode\nodePsql\node_modules\@koa\router\lib\router.js:430:31) {
  headers: {
    'Access-Control-Allow-Origin': 'http://localhost:8000',
    'Access-Control-Allow-Credentials': 'true',
    vary: 'Origin'
  }
}
[2023-08-08T12:04:31.960] [ERROR] application - TypeError: Cannot destructure property 'data' of 'ctx.state.user' as it is undefined.
    at E:\demo\vscode\nodePsql\router\user01Router.js:54:12
    at dispatch (E:\demo\vscode\nodePsql\node_modules\koa-compose\index.js:42:32)
    at E:\demo\vscode\nodePsql\node_modules\@koa\router\lib\router.js:425:16
    at dispatch (E:\demo\vscode\nodePsql\node_modules\koa-compose\index.js:42:32)
    at E:\demo\vscode\nodePsql\node_modules\koa-unless\index.js:26:14
    at dispatch (E:\demo\vscode\nodePsql\node_modules\koa-compose\index.js:42:32)
    at E:\demo\vscode\nodePsql\node_modules\@koa\router\lib\router.js:425:16
    at dispatch (E:\demo\vscode\nodePsql\node_modules\koa-compose\index.js:42:32)
    at E:\demo\vscode\nodePsql\node_modules\koa-compose\index.js:34:12
    at dispatch (E:\demo\vscode\nodePsql\node_modules\@koa\router\lib\router.js:430:31) {
  headers: {
    'Access-Control-Allow-Origin': 'http://localhost:8000',
    'Access-Control-Allow-Credentials': 'true',
    vary: 'Origin'
  }
}
[2023-08-08T12:04:47.972] [ERROR] application - TypeError: Cannot destructure property 'data' of 'ctx.state.user' as it is undefined.
    at E:\demo\vscode\nodePsql\router\user01Router.js:54:12
    at dispatch (E:\demo\vscode\nodePsql\node_modules\koa-compose\index.js:42:32)
    at E:\demo\vscode\nodePsql\node_modules\@koa\router\lib\router.js:425:16
    at dispatch (E:\demo\vscode\nodePsql\node_modules\koa-compose\index.js:42:32)
    at E:\demo\vscode\nodePsql\node_modules\koa-compose\index.js:34:12
    at dispatch (E:\demo\vscode\nodePsql\node_modules\@koa\router\lib\router.js:430:31)
    at dispatch (E:\demo\vscode\nodePsql\node_modules\koa-compose\index.js:42:32)
    at cors (E:\demo\vscode\nodePsql\node_modules\@koa\cors\index.js:108:22) {
  headers: {
    'Access-Control-Allow-Origin': 'http://localhost:8000',
    'Access-Control-Allow-Credentials': 'true',
    vary: 'Origin'
  }
}
[2023-08-08T12:05:49.488] [ERROR] application - TypeError: Cannot destructure property 'data' of 'ctx.state.user' as it is undefined.
    at E:\demo\vscode\nodePsql\router\user01Router.js:54:12
    at dispatch (E:\demo\vscode\nodePsql\node_modules\koa-compose\index.js:42:32)
    at E:\demo\vscode\nodePsql\node_modules\@koa\router\lib\router.js:425:16
    at dispatch (E:\demo\vscode\nodePsql\node_modules\koa-compose\index.js:42:32)
    at E:\demo\vscode\nodePsql\node_modules\koa-compose\index.js:34:12
    at dispatch (E:\demo\vscode\nodePsql\node_modules\@koa\router\lib\router.js:430:31)
    at dispatch (E:\demo\vscode\nodePsql\node_modules\koa-compose\index.js:42:32)
    at cors (E:\demo\vscode\nodePsql\node_modules\@koa\cors\index.js:108:22) {
  headers: {
    'Access-Control-Allow-Origin': 'http://localhost:8000',
    'Access-Control-Allow-Credentials': 'true',
    vary: 'Origin'
  }
}
[2023-08-08T12:05:53.055] [ERROR] application - TypeError: Cannot destructure property 'data' of 'ctx.state.user' as it is undefined.
    at E:\demo\vscode\nodePsql\router\user01Router.js:54:12
    at dispatch (E:\demo\vscode\nodePsql\node_modules\koa-compose\index.js:42:32)
    at E:\demo\vscode\nodePsql\node_modules\@koa\router\lib\router.js:425:16
    at dispatch (E:\demo\vscode\nodePsql\node_modules\koa-compose\index.js:42:32)
    at E:\demo\vscode\nodePsql\node_modules\koa-compose\index.js:34:12
    at dispatch (E:\demo\vscode\nodePsql\node_modules\@koa\router\lib\router.js:430:31)
    at dispatch (E:\demo\vscode\nodePsql\node_modules\koa-compose\index.js:42:32)
    at cors (E:\demo\vscode\nodePsql\node_modules\@koa\cors\index.js:108:22) {
  headers: {
    'Access-Control-Allow-Origin': 'http://localhost:8000',
    'Access-Control-Allow-Credentials': 'true',
    vary: 'Origin'
  }
}
[2023-08-08T12:06:17.154] [ERROR] application - TypeError: Cannot destructure property 'data' of 'ctx.state.user' as it is undefined.
    at E:\demo\vscode\nodePsql\router\user01Router.js:54:12
    at dispatch (E:\demo\vscode\nodePsql\node_modules\koa-compose\index.js:42:32)
    at E:\demo\vscode\nodePsql\node_modules\@koa\router\lib\router.js:425:16
    at dispatch (E:\demo\vscode\nodePsql\node_modules\koa-compose\index.js:42:32)
    at E:\demo\vscode\nodePsql\node_modules\koa-compose\index.js:34:12
    at dispatch (E:\demo\vscode\nodePsql\node_modules\@koa\router\lib\router.js:430:31)
    at dispatch (E:\demo\vscode\nodePsql\node_modules\koa-compose\index.js:42:32)
    at cors (E:\demo\vscode\nodePsql\node_modules\@koa\cors\index.js:108:22) {
  headers: {
    'Access-Control-Allow-Origin': 'http://localhost:8000',
    'Access-Control-Allow-Credentials': 'true',
    vary: 'Origin'
  }
}
[2023-08-08T12:06:47.928] [ERROR] application - TypeError: Cannot destructure property 'data' of 'ctx.state.user' as it is undefined.
    at E:\demo\vscode\nodePsql\router\user01Router.js:54:12
    at dispatch (E:\demo\vscode\nodePsql\node_modules\koa-compose\index.js:42:32)
    at E:\demo\vscode\nodePsql\node_modules\@koa\router\lib\router.js:425:16
    at dispatch (E:\demo\vscode\nodePsql\node_modules\koa-compose\index.js:42:32)
    at E:\demo\vscode\nodePsql\node_modules\koa-unless\index.js:26:14
    at dispatch (E:\demo\vscode\nodePsql\node_modules\koa-compose\index.js:42:32)
    at E:\demo\vscode\nodePsql\node_modules\@koa\router\lib\router.js:425:16
    at dispatch (E:\demo\vscode\nodePsql\node_modules\koa-compose\index.js:42:32)
    at E:\demo\vscode\nodePsql\node_modules\koa-compose\index.js:34:12
    at dispatch (E:\demo\vscode\nodePsql\node_modules\@koa\router\lib\router.js:430:31) {
  headers: {
    'Access-Control-Allow-Origin': 'http://localhost:8000',
    'Access-Control-Allow-Credentials': 'true',
    vary: 'Origin'
  }
}
[2023-08-08T12:10:16.629] [ERROR] application - UnauthorizedError: Authentication Error
    at Object.throw (E:\demo\vscode\nodePsql\node_modules\koa\lib\context.js:97:11)
    at jwt (E:\demo\vscode\nodePsql\node_modules\koa-jwt\lib\index.js:23:22)
    at dispatch (E:\demo\vscode\nodePsql\node_modules\koa-compose\index.js:42:32)
    at E:\demo\vscode\nodePsql\node_modules\@koa\router\lib\router.js:425:16
    at dispatch (E:\demo\vscode\nodePsql\node_modules\koa-compose\index.js:42:32)
    at E:\demo\vscode\nodePsql\node_modules\koa-compose\index.js:34:12
    at dispatch (E:\demo\vscode\nodePsql\node_modules\@koa\router\lib\router.js:430:31)
    at dispatch (E:\demo\vscode\nodePsql\node_modules\koa-compose\index.js:42:32)
    at cors (E:\demo\vscode\nodePsql\node_modules\@koa\cors\index.js:108:22) {
  headers: {
    'Access-Control-Allow-Origin': 'http://localhost:8000',
    'Access-Control-Allow-Credentials': 'true',
    vary: 'Origin'
  }
}
