[2024-01-09T10:46:02.690] [ERROR] application - { code: 401, message: 'token已过期', result: '' }
[2024-01-09T11:00:47.756] [ERROR] application - TypeError: Cannot destructure property 'id' of 'undefined' as it is undefined.
    at selectAll (C:\Users\v_yutavoxie\Desktop\开发常用操作\nodePsql\server\user.server.js:9:22)
    at list (C:\Users\v_yutavoxie\Desktop\开发常用操作\nodePsql\controller\user.controller.js:9:27)
    at dispatch (C:\Users\v_yutavoxie\Desktop\开发常用操作\nodePsql\node_modules\koa-compose\index.js:42:32)
    at C:\Users\v_yutavoxie\Desktop\开发常用操作\nodePsql\node_modules\@koa\router\lib\router.js:425:16
    at dispatch (C:\Users\v_yutavoxie\Desktop\开发常用操作\nodePsql\node_modules\koa-compose\index.js:42:32)
    at C:\Users\v_yutavoxie\Desktop\开发常用操作\nodePsql\node_modules\koa-compose\index.js:34:12
    at dispatch (C:\Users\v_yutavoxie\Desktop\开发常用操作\nodePsql\node_modules\@koa\router\lib\router.js:430:31)
    at dispatch (C:\Users\v_yutavoxie\Desktop\开发常用操作\nodePsql\node_modules\koa-compose\index.js:42:32)
    at cors (C:\Users\v_yutavoxie\Desktop\开发常用操作\nodePsql\node_modules\@koa\cors\index.js:108:22)
    at async C:\Users\v_yutavoxie\Desktop\开发常用操作\nodePsql\app\index.js:41:5 {
  headers: {
    'Access-Control-Allow-Origin': 'http://localhost:8000',
    'Access-Control-Allow-Credentials': 'true',
    vary: 'Origin'
  }
}
[2024-01-09T12:24:08.973] [ERROR] application - { code: 401, message: 'token已过期', result: '' }
[2024-01-09T12:24:41.691] [ERROR] application - { code: 401, message: 'token已过期', result: '' }
[2024-01-09T12:24:45.608] [ERROR] application - { code: 401, message: 'token已过期', result: '' }
[2024-01-09T12:56:53.206] [ERROR] application - { code: 401, message: 'token已过期', result: '' }
[2024-01-09T12:58:58.830] [ERROR] application - { code: 401, message: 'token已过期', result: '' }
[2024-01-09T13:01:19.981] [ERROR] application - { code: 401, message: 'token已过期', result: '' }
[2024-01-09T16:55:43.648] [ERROR] application - { code: 403, message: '没有管理员权限', result: '' }
[2024-01-09T17:00:54.798] [ERROR] application - { code: 500, message: '接口请求异常，服务器错误', result: '' }
[2024-01-09T17:02:07.098] [ERROR] application - { code: 401, message: '无token，请重新登录', result: '' }
[2024-01-09T17:02:44.288] [ERROR] application - { code: 401, message: '无token，请重新登录', result: '' }
[2024-01-09T17:03:06.772] [ERROR] application - { code: 500, message: '接口请求异常，服务器错误', result: '' }
[2024-01-09T17:04:38.525] [ERROR] application - { code: 500, message: '接口请求异常，服务器错误', result: '' }
[2024-01-09T17:06:38.278] [ERROR] application - { code: 401, message: '无token，请重新登录', result: '' }
[2024-01-09T17:07:02.026] [ERROR] application - { code: 500, message: '接口请求异常，服务器错误', result: '' }
[2024-01-09T17:07:13.535] [ERROR] application - { code: 401, message: '无token，请重新登录', result: '' }
[2024-01-09T17:16:24.301] [ERROR] application - { code: 500, message: '接口请求异常，服务器错误', result: '' }
[2024-01-09T17:16:28.072] [ERROR] application - { code: 401, message: '无token，请重新登录', result: '' }
[2024-01-09T17:17:06.121] [ERROR] application - { code: 401, message: '无token，请重新登录', result: '' }
[2024-01-09T17:17:43.368] [ERROR] application - { code: 401, message: '无token，请重新登录', result: '' }
[2024-01-09T17:18:37.124] [ERROR] application - { code: 401, message: '无token，请重新登录', result: '' }
[2024-01-09T17:25:50.706] [ERROR] application - { code: 500, message: '接口请求异常，服务器错误', result: '' }
[2024-01-09T17:30:54.148] [ERROR] application - { code: 401, message: '无token，请重新登录', result: '' }
[2024-01-09T17:31:46.937] [ERROR] application - TypeError: Cannot destructure property 'isAdmin' of 'ctx.request.auth' as it is undefined.
    at isAdmin (C:\Users\v_yutavoxie\Desktop\开发常用操作\nodePsql\middleware\user.middleware.js:100:17)
    at dispatch (C:\Users\v_yutavoxie\Desktop\开发常用操作\nodePsql\node_modules\koa-compose\index.js:42:32)
    at C:\Users\v_yutavoxie\Desktop\开发常用操作\nodePsql\node_modules\@koa\router\lib\router.js:425:16
    at dispatch (C:\Users\v_yutavoxie\Desktop\开发常用操作\nodePsql\node_modules\koa-compose\index.js:42:32)
    at C:\Users\v_yutavoxie\Desktop\开发常用操作\nodePsql\node_modules\koa-compose\index.js:34:12
    at dispatch (C:\Users\v_yutavoxie\Desktop\开发常用操作\nodePsql\node_modules\@koa\router\lib\router.js:430:31)
    at dispatch (C:\Users\v_yutavoxie\Desktop\开发常用操作\nodePsql\node_modules\koa-compose\index.js:42:32)
    at cors (C:\Users\v_yutavoxie\Desktop\开发常用操作\nodePsql\node_modules\@koa\cors\index.js:108:22)
    at async C:\Users\v_yutavoxie\Desktop\开发常用操作\nodePsql\app\index.js:47:5
    at async serve (C:\Users\v_yutavoxie\Desktop\开发常用操作\nodePsql\node_modules\koa-static\index.js:53:9) {
  headers: {
    'Access-Control-Allow-Origin': 'http://localhost:8000',
    'Access-Control-Allow-Credentials': 'true',
    vary: 'Origin'
  }
}
[2024-01-09T17:32:47.706] [ERROR] application - TypeError: Cannot destructure property 'isAdmin' of 'ctx.request.auth' as it is undefined.
    at isAdmin (C:\Users\v_yutavoxie\Desktop\开发常用操作\nodePsql\middleware\user.middleware.js:100:17)
    at dispatch (C:\Users\v_yutavoxie\Desktop\开发常用操作\nodePsql\node_modules\koa-compose\index.js:42:32)
    at C:\Users\v_yutavoxie\Desktop\开发常用操作\nodePsql\node_modules\@koa\router\lib\router.js:425:16
    at dispatch (C:\Users\v_yutavoxie\Desktop\开发常用操作\nodePsql\node_modules\koa-compose\index.js:42:32)
    at C:\Users\v_yutavoxie\Desktop\开发常用操作\nodePsql\node_modules\koa-compose\index.js:34:12
    at dispatch (C:\Users\v_yutavoxie\Desktop\开发常用操作\nodePsql\node_modules\@koa\router\lib\router.js:430:31)
    at dispatch (C:\Users\v_yutavoxie\Desktop\开发常用操作\nodePsql\node_modules\koa-compose\index.js:42:32)
    at cors (C:\Users\v_yutavoxie\Desktop\开发常用操作\nodePsql\node_modules\@koa\cors\index.js:108:22)
    at async C:\Users\v_yutavoxie\Desktop\开发常用操作\nodePsql\app\index.js:47:5
    at async serve (C:\Users\v_yutavoxie\Desktop\开发常用操作\nodePsql\node_modules\koa-static\index.js:53:9) {
  headers: {
    'Access-Control-Allow-Origin': 'http://localhost:8000',
    'Access-Control-Allow-Credentials': 'true',
    vary: 'Origin'
  }
}
[2024-01-09T17:33:26.088] [ERROR] application - TypeError: Cannot destructure property 'isAdmin' of 'ctx.request.auth' as it is undefined.
    at isAdmin (C:\Users\v_yutavoxie\Desktop\开发常用操作\nodePsql\middleware\user.middleware.js:100:17)
    at dispatch (C:\Users\v_yutavoxie\Desktop\开发常用操作\nodePsql\node_modules\koa-compose\index.js:42:32)
    at C:\Users\v_yutavoxie\Desktop\开发常用操作\nodePsql\node_modules\@koa\router\lib\router.js:425:16
    at dispatch (C:\Users\v_yutavoxie\Desktop\开发常用操作\nodePsql\node_modules\koa-compose\index.js:42:32)
    at C:\Users\v_yutavoxie\Desktop\开发常用操作\nodePsql\node_modules\koa-compose\index.js:34:12
    at dispatch (C:\Users\v_yutavoxie\Desktop\开发常用操作\nodePsql\node_modules\@koa\router\lib\router.js:430:31)
    at dispatch (C:\Users\v_yutavoxie\Desktop\开发常用操作\nodePsql\node_modules\koa-compose\index.js:42:32)
    at cors (C:\Users\v_yutavoxie\Desktop\开发常用操作\nodePsql\node_modules\@koa\cors\index.js:108:22)
    at async C:\Users\v_yutavoxie\Desktop\开发常用操作\nodePsql\app\index.js:47:5
    at async serve (C:\Users\v_yutavoxie\Desktop\开发常用操作\nodePsql\node_modules\koa-static\index.js:53:9) {
  headers: {
    'Access-Control-Allow-Origin': 'http://localhost:8000',
    'Access-Control-Allow-Credentials': 'true',
    vary: 'Origin'
  }
}
[2024-01-09T17:33:46.290] [ERROR] application - TypeError: Cannot destructure property 'isAdmin' of 'ctx.request.auth' as it is undefined.
    at isAdmin (C:\Users\v_yutavoxie\Desktop\开发常用操作\nodePsql\middleware\user.middleware.js:100:17)
    at dispatch (C:\Users\v_yutavoxie\Desktop\开发常用操作\nodePsql\node_modules\koa-compose\index.js:42:32)
    at C:\Users\v_yutavoxie\Desktop\开发常用操作\nodePsql\node_modules\@koa\router\lib\router.js:425:16
    at dispatch (C:\Users\v_yutavoxie\Desktop\开发常用操作\nodePsql\node_modules\koa-compose\index.js:42:32)
    at C:\Users\v_yutavoxie\Desktop\开发常用操作\nodePsql\node_modules\koa-compose\index.js:34:12
    at dispatch (C:\Users\v_yutavoxie\Desktop\开发常用操作\nodePsql\node_modules\@koa\router\lib\router.js:430:31)
    at dispatch (C:\Users\v_yutavoxie\Desktop\开发常用操作\nodePsql\node_modules\koa-compose\index.js:42:32)
    at cors (C:\Users\v_yutavoxie\Desktop\开发常用操作\nodePsql\node_modules\@koa\cors\index.js:108:22)
    at async C:\Users\v_yutavoxie\Desktop\开发常用操作\nodePsql\app\index.js:47:5
    at async serve (C:\Users\v_yutavoxie\Desktop\开发常用操作\nodePsql\node_modules\koa-static\index.js:53:9) {
  headers: {
    'Access-Control-Allow-Origin': 'http://localhost:8000',
    'Access-Control-Allow-Credentials': 'true',
    vary: 'Origin'
  }
}
[2024-01-09T17:34:51.078] [ERROR] application - { code: 500, message: '接口请求异常，服务器错误', result: '' }
[2024-01-09T17:37:31.577] [ERROR] application - { code: 401, message: '无token，请重新登录', result: '' }
[2024-01-09T17:38:34.318] [ERROR] application - { code: 401, message: '无token，请重新登录', result: '' }
[2024-01-09T17:39:44.197] [ERROR] application - { code: 401, message: '无token，请重新登录', result: '' }
[2024-01-09T17:44:06.135] [ERROR] application - { code: 401, message: '无token，请重新登录', result: '' }
