[2023-12-19T12:34:49.978] [ERROR] application - UnauthorizedError: Authentication Error
    at Object.throw (C:\Users\v_yutavoxie\Desktop\开发常用操作\nodePsql\node_modules\koa\lib\context.js:97:11)
    at jwt (C:\Users\v_yutavoxie\Desktop\开发常用操作\nodePsql\node_modules\koa-jwt\lib\index.js:66:26)
    at processTicksAndRejections (internal/process/task_queues.js:97:5) {
  originalError: TokenExpiredError: jwt expired
      at C:\Users\v_yutavoxie\Desktop\开发常用操作\nodePsql\node_modules\jsonwebtoken\verify.js:190:21
      at getSecret (C:\Users\v_yutavoxie\Desktop\开发常用操作\nodePsql\node_modules\jsonwebtoken\verify.js:97:14)
      at Object.module.exports [as verify] (C:\Users\v_yutavoxie\Desktop\开发常用操作\nodePsql\node_modules\jsonwebtoken\verify.js:101:10)
      at C:\Users\v_yutavoxie\Desktop\开发常用操作\nodePsql\node_modules\koa-jwt\lib\verify.js:5:23
      at new Promise (<anonymous>)
      at module.exports (C:\Users\v_yutavoxie\Desktop\开发常用操作\nodePsql\node_modules\koa-jwt\lib\verify.js:4:12)
      at C:\Users\v_yutavoxie\Desktop\开发常用操作\nodePsql\node_modules\koa-jwt\lib\index.js:38:64
      at Array.map (<anonymous>)
      at jwt (C:\Users\v_yutavoxie\Desktop\开发常用操作\nodePsql\node_modules\koa-jwt\lib\index.js:38:43)
      at dispatch (C:\Users\v_yutavoxie\Desktop\开发常用操作\nodePsql\node_modules\koa-compose\index.js:42:32) {
    expiredAt: 2023-12-12T10:47:31.000Z
  },
  headers: {
    'Access-Control-Allow-Origin': 'http://localhost:8000',
    'Access-Control-Allow-Credentials': 'true',
    vary: 'Origin'
  }
}
[2023-12-19T12:35:57.595] [ERROR] application - UnauthorizedError: Authentication Error
    at Object.throw (C:\Users\v_yutavoxie\Desktop\开发常用操作\nodePsql\node_modules\koa\lib\context.js:97:11)
    at jwt (C:\Users\v_yutavoxie\Desktop\开发常用操作\nodePsql\node_modules\koa-jwt\lib\index.js:66:26)
    at processTicksAndRejections (internal/process/task_queues.js:97:5) {
  originalError: TokenExpiredError: jwt expired
      at C:\Users\v_yutavoxie\Desktop\开发常用操作\nodePsql\node_modules\jsonwebtoken\verify.js:190:21
      at getSecret (C:\Users\v_yutavoxie\Desktop\开发常用操作\nodePsql\node_modules\jsonwebtoken\verify.js:97:14)
      at Object.module.exports [as verify] (C:\Users\v_yutavoxie\Desktop\开发常用操作\nodePsql\node_modules\jsonwebtoken\verify.js:101:10)
      at C:\Users\v_yutavoxie\Desktop\开发常用操作\nodePsql\node_modules\koa-jwt\lib\verify.js:5:23
      at new Promise (<anonymous>)
      at module.exports (C:\Users\v_yutavoxie\Desktop\开发常用操作\nodePsql\node_modules\koa-jwt\lib\verify.js:4:12)
      at C:\Users\v_yutavoxie\Desktop\开发常用操作\nodePsql\node_modules\koa-jwt\lib\index.js:38:64
      at Array.map (<anonymous>)
      at jwt (C:\Users\v_yutavoxie\Desktop\开发常用操作\nodePsql\node_modules\koa-jwt\lib\index.js:38:43)
      at dispatch (C:\Users\v_yutavoxie\Desktop\开发常用操作\nodePsql\node_modules\koa-compose\index.js:42:32) {
    expiredAt: 2023-12-12T10:47:31.000Z
  },
  headers: {
    'Access-Control-Allow-Origin': 'http://localhost:8000',
    'Access-Control-Allow-Credentials': 'true',
    vary: 'Origin'
  }
}
[2023-12-19T12:36:17.061] [ERROR] application - UnauthorizedError: Authentication Error
    at Object.throw (C:\Users\v_yutavoxie\Desktop\开发常用操作\nodePsql\node_modules\koa\lib\context.js:97:11)
    at jwt (C:\Users\v_yutavoxie\Desktop\开发常用操作\nodePsql\node_modules\koa-jwt\lib\index.js:66:26)
    at processTicksAndRejections (internal/process/task_queues.js:97:5) {
  originalError: TokenExpiredError: jwt expired
      at C:\Users\v_yutavoxie\Desktop\开发常用操作\nodePsql\node_modules\jsonwebtoken\verify.js:190:21
      at getSecret (C:\Users\v_yutavoxie\Desktop\开发常用操作\nodePsql\node_modules\jsonwebtoken\verify.js:97:14)
      at Object.module.exports [as verify] (C:\Users\v_yutavoxie\Desktop\开发常用操作\nodePsql\node_modules\jsonwebtoken\verify.js:101:10)
      at C:\Users\v_yutavoxie\Desktop\开发常用操作\nodePsql\node_modules\koa-jwt\lib\verify.js:5:23
      at new Promise (<anonymous>)
      at module.exports (C:\Users\v_yutavoxie\Desktop\开发常用操作\nodePsql\node_modules\koa-jwt\lib\verify.js:4:12)
      at C:\Users\v_yutavoxie\Desktop\开发常用操作\nodePsql\node_modules\koa-jwt\lib\index.js:38:64
      at Array.map (<anonymous>)
      at jwt (C:\Users\v_yutavoxie\Desktop\开发常用操作\nodePsql\node_modules\koa-jwt\lib\index.js:38:43)
      at dispatch (C:\Users\v_yutavoxie\Desktop\开发常用操作\nodePsql\node_modules\koa-compose\index.js:42:32) {
    expiredAt: 2023-12-12T10:47:31.000Z
  },
  headers: {
    'Access-Control-Allow-Origin': 'http://localhost:8000',
    'Access-Control-Allow-Credentials': 'true',
    vary: 'Origin'
  }
}
[2023-12-19T12:36:20.431] [ERROR] application - UnauthorizedError: Authentication Error
    at Object.throw (C:\Users\v_yutavoxie\Desktop\开发常用操作\nodePsql\node_modules\koa\lib\context.js:97:11)
    at jwt (C:\Users\v_yutavoxie\Desktop\开发常用操作\nodePsql\node_modules\koa-jwt\lib\index.js:66:26)
    at processTicksAndRejections (internal/process/task_queues.js:97:5) {
  originalError: TokenExpiredError: jwt expired
      at C:\Users\v_yutavoxie\Desktop\开发常用操作\nodePsql\node_modules\jsonwebtoken\verify.js:190:21
      at getSecret (C:\Users\v_yutavoxie\Desktop\开发常用操作\nodePsql\node_modules\jsonwebtoken\verify.js:97:14)
      at Object.module.exports [as verify] (C:\Users\v_yutavoxie\Desktop\开发常用操作\nodePsql\node_modules\jsonwebtoken\verify.js:101:10)
      at C:\Users\v_yutavoxie\Desktop\开发常用操作\nodePsql\node_modules\koa-jwt\lib\verify.js:5:23
      at new Promise (<anonymous>)
      at module.exports (C:\Users\v_yutavoxie\Desktop\开发常用操作\nodePsql\node_modules\koa-jwt\lib\verify.js:4:12)
      at C:\Users\v_yutavoxie\Desktop\开发常用操作\nodePsql\node_modules\koa-jwt\lib\index.js:38:64
      at Array.map (<anonymous>)
      at jwt (C:\Users\v_yutavoxie\Desktop\开发常用操作\nodePsql\node_modules\koa-jwt\lib\index.js:38:43)
      at dispatch (C:\Users\v_yutavoxie\Desktop\开发常用操作\nodePsql\node_modules\koa-compose\index.js:42:32) {
    expiredAt: 2023-12-12T10:47:31.000Z
  },
  headers: {
    'Access-Control-Allow-Origin': 'http://localhost:8000',
    'Access-Control-Allow-Credentials': 'true',
    vary: 'Origin'
  }
}
[2023-12-19T12:38:05.206] [ERROR] application - UnauthorizedError: Authentication Error
    at Object.throw (C:\Users\v_yutavoxie\Desktop\开发常用操作\nodePsql\node_modules\koa\lib\context.js:97:11)
    at jwt (C:\Users\v_yutavoxie\Desktop\开发常用操作\nodePsql\node_modules\koa-jwt\lib\index.js:66:26)
    at processTicksAndRejections (internal/process/task_queues.js:97:5) {
  originalError: TokenExpiredError: jwt expired
      at C:\Users\v_yutavoxie\Desktop\开发常用操作\nodePsql\node_modules\jsonwebtoken\verify.js:190:21
      at getSecret (C:\Users\v_yutavoxie\Desktop\开发常用操作\nodePsql\node_modules\jsonwebtoken\verify.js:97:14)
      at Object.module.exports [as verify] (C:\Users\v_yutavoxie\Desktop\开发常用操作\nodePsql\node_modules\jsonwebtoken\verify.js:101:10)
      at C:\Users\v_yutavoxie\Desktop\开发常用操作\nodePsql\node_modules\koa-jwt\lib\verify.js:5:23
      at new Promise (<anonymous>)
      at module.exports (C:\Users\v_yutavoxie\Desktop\开发常用操作\nodePsql\node_modules\koa-jwt\lib\verify.js:4:12)
      at C:\Users\v_yutavoxie\Desktop\开发常用操作\nodePsql\node_modules\koa-jwt\lib\index.js:38:64
      at Array.map (<anonymous>)
      at jwt (C:\Users\v_yutavoxie\Desktop\开发常用操作\nodePsql\node_modules\koa-jwt\lib\index.js:38:43)
      at dispatch (C:\Users\v_yutavoxie\Desktop\开发常用操作\nodePsql\node_modules\koa-compose\index.js:42:32) {
    expiredAt: 2023-12-12T10:47:31.000Z
  },
  headers: {
    'Access-Control-Allow-Origin': 'http://localhost:8000',
    'Access-Control-Allow-Credentials': 'true',
    vary: 'Origin'
  }
}
[2023-12-19T12:38:17.928] [ERROR] application - UnauthorizedError: Authentication Error
    at Object.throw (C:\Users\v_yutavoxie\Desktop\开发常用操作\nodePsql\node_modules\koa\lib\context.js:97:11)
    at jwt (C:\Users\v_yutavoxie\Desktop\开发常用操作\nodePsql\node_modules\koa-jwt\lib\index.js:66:26)
    at processTicksAndRejections (internal/process/task_queues.js:97:5) {
  originalError: TokenExpiredError: jwt expired
      at C:\Users\v_yutavoxie\Desktop\开发常用操作\nodePsql\node_modules\jsonwebtoken\verify.js:190:21
      at getSecret (C:\Users\v_yutavoxie\Desktop\开发常用操作\nodePsql\node_modules\jsonwebtoken\verify.js:97:14)
      at Object.module.exports [as verify] (C:\Users\v_yutavoxie\Desktop\开发常用操作\nodePsql\node_modules\jsonwebtoken\verify.js:101:10)
      at C:\Users\v_yutavoxie\Desktop\开发常用操作\nodePsql\node_modules\koa-jwt\lib\verify.js:5:23
      at new Promise (<anonymous>)
      at module.exports (C:\Users\v_yutavoxie\Desktop\开发常用操作\nodePsql\node_modules\koa-jwt\lib\verify.js:4:12)
      at C:\Users\v_yutavoxie\Desktop\开发常用操作\nodePsql\node_modules\koa-jwt\lib\index.js:38:64
      at Array.map (<anonymous>)
      at jwt (C:\Users\v_yutavoxie\Desktop\开发常用操作\nodePsql\node_modules\koa-jwt\lib\index.js:38:43)
      at dispatch (C:\Users\v_yutavoxie\Desktop\开发常用操作\nodePsql\node_modules\koa-compose\index.js:42:32) {
    expiredAt: 2023-12-12T10:47:31.000Z
  },
  headers: {
    'Access-Control-Allow-Origin': 'http://localhost:8000',
    'Access-Control-Allow-Credentials': 'true',
    vary: 'Origin'
  }
}
[2023-12-19T12:38:39.211] [ERROR] application - UnauthorizedError: Authentication Error
    at Object.throw (C:\Users\v_yutavoxie\Desktop\开发常用操作\nodePsql\node_modules\koa\lib\context.js:97:11)
    at jwt (C:\Users\v_yutavoxie\Desktop\开发常用操作\nodePsql\node_modules\koa-jwt\lib\index.js:66:26)
    at processTicksAndRejections (internal/process/task_queues.js:97:5) {
  originalError: TokenExpiredError: jwt expired
      at C:\Users\v_yutavoxie\Desktop\开发常用操作\nodePsql\node_modules\jsonwebtoken\verify.js:190:21
      at getSecret (C:\Users\v_yutavoxie\Desktop\开发常用操作\nodePsql\node_modules\jsonwebtoken\verify.js:97:14)
      at Object.module.exports [as verify] (C:\Users\v_yutavoxie\Desktop\开发常用操作\nodePsql\node_modules\jsonwebtoken\verify.js:101:10)
      at C:\Users\v_yutavoxie\Desktop\开发常用操作\nodePsql\node_modules\koa-jwt\lib\verify.js:5:23
      at new Promise (<anonymous>)
      at module.exports (C:\Users\v_yutavoxie\Desktop\开发常用操作\nodePsql\node_modules\koa-jwt\lib\verify.js:4:12)
      at C:\Users\v_yutavoxie\Desktop\开发常用操作\nodePsql\node_modules\koa-jwt\lib\index.js:38:64
      at Array.map (<anonymous>)
      at jwt (C:\Users\v_yutavoxie\Desktop\开发常用操作\nodePsql\node_modules\koa-jwt\lib\index.js:38:43)
      at dispatch (C:\Users\v_yutavoxie\Desktop\开发常用操作\nodePsql\node_modules\koa-compose\index.js:42:32) {
    expiredAt: 2023-12-12T10:47:31.000Z
  },
  headers: {
    'Access-Control-Allow-Origin': 'http://localhost:8000',
    'Access-Control-Allow-Credentials': 'true',
    vary: 'Origin'
  }
}
[2023-12-19T12:38:51.792] [ERROR] application - UnauthorizedError: Authentication Error
    at Object.throw (C:\Users\v_yutavoxie\Desktop\开发常用操作\nodePsql\node_modules\koa\lib\context.js:97:11)
    at jwt (C:\Users\v_yutavoxie\Desktop\开发常用操作\nodePsql\node_modules\koa-jwt\lib\index.js:66:26)
    at processTicksAndRejections (internal/process/task_queues.js:97:5) {
  originalError: TokenExpiredError: jwt expired
      at C:\Users\v_yutavoxie\Desktop\开发常用操作\nodePsql\node_modules\jsonwebtoken\verify.js:190:21
      at getSecret (C:\Users\v_yutavoxie\Desktop\开发常用操作\nodePsql\node_modules\jsonwebtoken\verify.js:97:14)
      at Object.module.exports [as verify] (C:\Users\v_yutavoxie\Desktop\开发常用操作\nodePsql\node_modules\jsonwebtoken\verify.js:101:10)
      at C:\Users\v_yutavoxie\Desktop\开发常用操作\nodePsql\node_modules\koa-jwt\lib\verify.js:5:23
      at new Promise (<anonymous>)
      at module.exports (C:\Users\v_yutavoxie\Desktop\开发常用操作\nodePsql\node_modules\koa-jwt\lib\verify.js:4:12)
      at C:\Users\v_yutavoxie\Desktop\开发常用操作\nodePsql\node_modules\koa-jwt\lib\index.js:38:64
      at Array.map (<anonymous>)
      at jwt (C:\Users\v_yutavoxie\Desktop\开发常用操作\nodePsql\node_modules\koa-jwt\lib\index.js:38:43)
      at dispatch (C:\Users\v_yutavoxie\Desktop\开发常用操作\nodePsql\node_modules\koa-compose\index.js:42:32) {
    expiredAt: 2023-12-12T10:47:31.000Z
  },
  headers: {
    'Access-Control-Allow-Origin': 'http://localhost:8000',
    'Access-Control-Allow-Credentials': 'true',
    vary: 'Origin'
  }
}
[2023-12-19T12:39:03.029] [ERROR] application - UnauthorizedError: Authentication Error
    at Object.throw (C:\Users\v_yutavoxie\Desktop\开发常用操作\nodePsql\node_modules\koa\lib\context.js:97:11)
    at jwt (C:\Users\v_yutavoxie\Desktop\开发常用操作\nodePsql\node_modules\koa-jwt\lib\index.js:66:26)
    at processTicksAndRejections (internal/process/task_queues.js:97:5) {
  originalError: TokenExpiredError: jwt expired
      at C:\Users\v_yutavoxie\Desktop\开发常用操作\nodePsql\node_modules\jsonwebtoken\verify.js:190:21
      at getSecret (C:\Users\v_yutavoxie\Desktop\开发常用操作\nodePsql\node_modules\jsonwebtoken\verify.js:97:14)
      at Object.module.exports [as verify] (C:\Users\v_yutavoxie\Desktop\开发常用操作\nodePsql\node_modules\jsonwebtoken\verify.js:101:10)
      at C:\Users\v_yutavoxie\Desktop\开发常用操作\nodePsql\node_modules\koa-jwt\lib\verify.js:5:23
      at new Promise (<anonymous>)
      at module.exports (C:\Users\v_yutavoxie\Desktop\开发常用操作\nodePsql\node_modules\koa-jwt\lib\verify.js:4:12)
      at C:\Users\v_yutavoxie\Desktop\开发常用操作\nodePsql\node_modules\koa-jwt\lib\index.js:38:64
      at Array.map (<anonymous>)
      at jwt (C:\Users\v_yutavoxie\Desktop\开发常用操作\nodePsql\node_modules\koa-jwt\lib\index.js:38:43)
      at dispatch (C:\Users\v_yutavoxie\Desktop\开发常用操作\nodePsql\node_modules\koa-compose\index.js:42:32) {
    expiredAt: 2023-12-12T10:47:31.000Z
  },
  headers: {
    'Access-Control-Allow-Origin': 'http://localhost:8000',
    'Access-Control-Allow-Credentials': 'true',
    vary: 'Origin'
  }
}
[2023-12-19T12:39:09.617] [ERROR] application - UnauthorizedError: Authentication Error
    at Object.throw (C:\Users\v_yutavoxie\Desktop\开发常用操作\nodePsql\node_modules\koa\lib\context.js:97:11)
    at jwt (C:\Users\v_yutavoxie\Desktop\开发常用操作\nodePsql\node_modules\koa-jwt\lib\index.js:66:26)
    at processTicksAndRejections (internal/process/task_queues.js:97:5) {
  originalError: TokenExpiredError: jwt expired
      at C:\Users\v_yutavoxie\Desktop\开发常用操作\nodePsql\node_modules\jsonwebtoken\verify.js:190:21
      at getSecret (C:\Users\v_yutavoxie\Desktop\开发常用操作\nodePsql\node_modules\jsonwebtoken\verify.js:97:14)
      at Object.module.exports [as verify] (C:\Users\v_yutavoxie\Desktop\开发常用操作\nodePsql\node_modules\jsonwebtoken\verify.js:101:10)
      at C:\Users\v_yutavoxie\Desktop\开发常用操作\nodePsql\node_modules\koa-jwt\lib\verify.js:5:23
      at new Promise (<anonymous>)
      at module.exports (C:\Users\v_yutavoxie\Desktop\开发常用操作\nodePsql\node_modules\koa-jwt\lib\verify.js:4:12)
      at C:\Users\v_yutavoxie\Desktop\开发常用操作\nodePsql\node_modules\koa-jwt\lib\index.js:38:64
      at Array.map (<anonymous>)
      at jwt (C:\Users\v_yutavoxie\Desktop\开发常用操作\nodePsql\node_modules\koa-jwt\lib\index.js:38:43)
      at dispatch (C:\Users\v_yutavoxie\Desktop\开发常用操作\nodePsql\node_modules\koa-compose\index.js:42:32) {
    expiredAt: 2023-12-12T10:47:31.000Z
  },
  headers: {
    'Access-Control-Allow-Origin': 'http://localhost:8000',
    'Access-Control-Allow-Credentials': 'true',
    vary: 'Origin'
  }
}
[2023-12-19T12:39:13.384] [ERROR] application - UnauthorizedError: Authentication Error
    at Object.throw (C:\Users\v_yutavoxie\Desktop\开发常用操作\nodePsql\node_modules\koa\lib\context.js:97:11)
    at jwt (C:\Users\v_yutavoxie\Desktop\开发常用操作\nodePsql\node_modules\koa-jwt\lib\index.js:66:26)
    at processTicksAndRejections (internal/process/task_queues.js:97:5) {
  originalError: TokenExpiredError: jwt expired
      at C:\Users\v_yutavoxie\Desktop\开发常用操作\nodePsql\node_modules\jsonwebtoken\verify.js:190:21
      at getSecret (C:\Users\v_yutavoxie\Desktop\开发常用操作\nodePsql\node_modules\jsonwebtoken\verify.js:97:14)
      at Object.module.exports [as verify] (C:\Users\v_yutavoxie\Desktop\开发常用操作\nodePsql\node_modules\jsonwebtoken\verify.js:101:10)
      at C:\Users\v_yutavoxie\Desktop\开发常用操作\nodePsql\node_modules\koa-jwt\lib\verify.js:5:23
      at new Promise (<anonymous>)
      at module.exports (C:\Users\v_yutavoxie\Desktop\开发常用操作\nodePsql\node_modules\koa-jwt\lib\verify.js:4:12)
      at C:\Users\v_yutavoxie\Desktop\开发常用操作\nodePsql\node_modules\koa-jwt\lib\index.js:38:64
      at Array.map (<anonymous>)
      at jwt (C:\Users\v_yutavoxie\Desktop\开发常用操作\nodePsql\node_modules\koa-jwt\lib\index.js:38:43)
      at dispatch (C:\Users\v_yutavoxie\Desktop\开发常用操作\nodePsql\node_modules\koa-compose\index.js:42:32) {
    expiredAt: 2023-12-12T10:47:31.000Z
  },
  headers: {
    'Access-Control-Allow-Origin': 'http://localhost:8000',
    'Access-Control-Allow-Credentials': 'true',
    vary: 'Origin'
  }
}
[2023-12-19T12:40:00.364] [ERROR] application - UnauthorizedError: Authentication Error
    at Object.throw (C:\Users\v_yutavoxie\Desktop\开发常用操作\nodePsql\node_modules\koa\lib\context.js:97:11)
    at jwt (C:\Users\v_yutavoxie\Desktop\开发常用操作\nodePsql\node_modules\koa-jwt\lib\index.js:66:26)
    at processTicksAndRejections (internal/process/task_queues.js:97:5) {
  originalError: TokenExpiredError: jwt expired
      at C:\Users\v_yutavoxie\Desktop\开发常用操作\nodePsql\node_modules\jsonwebtoken\verify.js:190:21
      at getSecret (C:\Users\v_yutavoxie\Desktop\开发常用操作\nodePsql\node_modules\jsonwebtoken\verify.js:97:14)
      at Object.module.exports [as verify] (C:\Users\v_yutavoxie\Desktop\开发常用操作\nodePsql\node_modules\jsonwebtoken\verify.js:101:10)
      at C:\Users\v_yutavoxie\Desktop\开发常用操作\nodePsql\node_modules\koa-jwt\lib\verify.js:5:23
      at new Promise (<anonymous>)
      at module.exports (C:\Users\v_yutavoxie\Desktop\开发常用操作\nodePsql\node_modules\koa-jwt\lib\verify.js:4:12)
      at C:\Users\v_yutavoxie\Desktop\开发常用操作\nodePsql\node_modules\koa-jwt\lib\index.js:38:64
      at Array.map (<anonymous>)
      at jwt (C:\Users\v_yutavoxie\Desktop\开发常用操作\nodePsql\node_modules\koa-jwt\lib\index.js:38:43)
      at dispatch (C:\Users\v_yutavoxie\Desktop\开发常用操作\nodePsql\node_modules\koa-compose\index.js:42:32) {
    expiredAt: 2023-12-12T10:47:31.000Z
  },
  headers: {
    'Access-Control-Allow-Origin': 'http://localhost:8000',
    'Access-Control-Allow-Credentials': 'true',
    vary: 'Origin'
  }
}
[2023-12-19T12:40:05.095] [ERROR] application - UnauthorizedError: Authentication Error
    at Object.throw (C:\Users\v_yutavoxie\Desktop\开发常用操作\nodePsql\node_modules\koa\lib\context.js:97:11)
    at jwt (C:\Users\v_yutavoxie\Desktop\开发常用操作\nodePsql\node_modules\koa-jwt\lib\index.js:66:26)
    at processTicksAndRejections (internal/process/task_queues.js:97:5) {
  originalError: TokenExpiredError: jwt expired
      at C:\Users\v_yutavoxie\Desktop\开发常用操作\nodePsql\node_modules\jsonwebtoken\verify.js:190:21
      at getSecret (C:\Users\v_yutavoxie\Desktop\开发常用操作\nodePsql\node_modules\jsonwebtoken\verify.js:97:14)
      at Object.module.exports [as verify] (C:\Users\v_yutavoxie\Desktop\开发常用操作\nodePsql\node_modules\jsonwebtoken\verify.js:101:10)
      at C:\Users\v_yutavoxie\Desktop\开发常用操作\nodePsql\node_modules\koa-jwt\lib\verify.js:5:23
      at new Promise (<anonymous>)
      at module.exports (C:\Users\v_yutavoxie\Desktop\开发常用操作\nodePsql\node_modules\koa-jwt\lib\verify.js:4:12)
      at C:\Users\v_yutavoxie\Desktop\开发常用操作\nodePsql\node_modules\koa-jwt\lib\index.js:38:64
      at Array.map (<anonymous>)
      at jwt (C:\Users\v_yutavoxie\Desktop\开发常用操作\nodePsql\node_modules\koa-jwt\lib\index.js:38:43)
      at dispatch (C:\Users\v_yutavoxie\Desktop\开发常用操作\nodePsql\node_modules\koa-compose\index.js:42:32) {
    expiredAt: 2023-12-12T10:47:31.000Z
  },
  headers: {
    'Access-Control-Allow-Origin': 'http://localhost:8000',
    'Access-Control-Allow-Credentials': 'true',
    vary: 'Origin'
  }
}
[2023-12-19T12:40:50.878] [ERROR] application - UnauthorizedError: Authentication Error
    at Object.throw (C:\Users\v_yutavoxie\Desktop\开发常用操作\nodePsql\node_modules\koa\lib\context.js:97:11)
    at jwt (C:\Users\v_yutavoxie\Desktop\开发常用操作\nodePsql\node_modules\koa-jwt\lib\index.js:66:26)
    at processTicksAndRejections (internal/process/task_queues.js:97:5) {
  originalError: TokenExpiredError: jwt expired
      at C:\Users\v_yutavoxie\Desktop\开发常用操作\nodePsql\node_modules\jsonwebtoken\verify.js:190:21
      at getSecret (C:\Users\v_yutavoxie\Desktop\开发常用操作\nodePsql\node_modules\jsonwebtoken\verify.js:97:14)
      at Object.module.exports [as verify] (C:\Users\v_yutavoxie\Desktop\开发常用操作\nodePsql\node_modules\jsonwebtoken\verify.js:101:10)
      at C:\Users\v_yutavoxie\Desktop\开发常用操作\nodePsql\node_modules\koa-jwt\lib\verify.js:5:23
      at new Promise (<anonymous>)
      at module.exports (C:\Users\v_yutavoxie\Desktop\开发常用操作\nodePsql\node_modules\koa-jwt\lib\verify.js:4:12)
      at C:\Users\v_yutavoxie\Desktop\开发常用操作\nodePsql\node_modules\koa-jwt\lib\index.js:38:64
      at Array.map (<anonymous>)
      at jwt (C:\Users\v_yutavoxie\Desktop\开发常用操作\nodePsql\node_modules\koa-jwt\lib\index.js:38:43)
      at dispatch (C:\Users\v_yutavoxie\Desktop\开发常用操作\nodePsql\node_modules\koa-compose\index.js:42:32) {
    expiredAt: 2023-12-12T10:47:31.000Z
  },
  headers: {
    'Access-Control-Allow-Origin': 'http://localhost:8000',
    'Access-Control-Allow-Credentials': 'true',
    vary: 'Origin'
  }
}
[2023-12-19T12:40:54.774] [ERROR] application - UnauthorizedError: Authentication Error
    at Object.throw (C:\Users\v_yutavoxie\Desktop\开发常用操作\nodePsql\node_modules\koa\lib\context.js:97:11)
    at jwt (C:\Users\v_yutavoxie\Desktop\开发常用操作\nodePsql\node_modules\koa-jwt\lib\index.js:66:26)
    at processTicksAndRejections (internal/process/task_queues.js:97:5) {
  originalError: TokenExpiredError: jwt expired
      at C:\Users\v_yutavoxie\Desktop\开发常用操作\nodePsql\node_modules\jsonwebtoken\verify.js:190:21
      at getSecret (C:\Users\v_yutavoxie\Desktop\开发常用操作\nodePsql\node_modules\jsonwebtoken\verify.js:97:14)
      at Object.module.exports [as verify] (C:\Users\v_yutavoxie\Desktop\开发常用操作\nodePsql\node_modules\jsonwebtoken\verify.js:101:10)
      at C:\Users\v_yutavoxie\Desktop\开发常用操作\nodePsql\node_modules\koa-jwt\lib\verify.js:5:23
      at new Promise (<anonymous>)
      at module.exports (C:\Users\v_yutavoxie\Desktop\开发常用操作\nodePsql\node_modules\koa-jwt\lib\verify.js:4:12)
      at C:\Users\v_yutavoxie\Desktop\开发常用操作\nodePsql\node_modules\koa-jwt\lib\index.js:38:64
      at Array.map (<anonymous>)
      at jwt (C:\Users\v_yutavoxie\Desktop\开发常用操作\nodePsql\node_modules\koa-jwt\lib\index.js:38:43)
      at dispatch (C:\Users\v_yutavoxie\Desktop\开发常用操作\nodePsql\node_modules\koa-compose\index.js:42:32) {
    expiredAt: 2023-12-12T10:47:31.000Z
  },
  headers: {
    'Access-Control-Allow-Origin': 'http://localhost:8000',
    'Access-Control-Allow-Credentials': 'true',
    vary: 'Origin'
  }
}
[2023-12-19T12:41:00.328] [ERROR] application - UnauthorizedError: Authentication Error
    at Object.throw (C:\Users\v_yutavoxie\Desktop\开发常用操作\nodePsql\node_modules\koa\lib\context.js:97:11)
    at jwt (C:\Users\v_yutavoxie\Desktop\开发常用操作\nodePsql\node_modules\koa-jwt\lib\index.js:66:26)
    at processTicksAndRejections (internal/process/task_queues.js:97:5) {
  originalError: TokenExpiredError: jwt expired
      at C:\Users\v_yutavoxie\Desktop\开发常用操作\nodePsql\node_modules\jsonwebtoken\verify.js:190:21
      at getSecret (C:\Users\v_yutavoxie\Desktop\开发常用操作\nodePsql\node_modules\jsonwebtoken\verify.js:97:14)
      at Object.module.exports [as verify] (C:\Users\v_yutavoxie\Desktop\开发常用操作\nodePsql\node_modules\jsonwebtoken\verify.js:101:10)
      at C:\Users\v_yutavoxie\Desktop\开发常用操作\nodePsql\node_modules\koa-jwt\lib\verify.js:5:23
      at new Promise (<anonymous>)
      at module.exports (C:\Users\v_yutavoxie\Desktop\开发常用操作\nodePsql\node_modules\koa-jwt\lib\verify.js:4:12)
      at C:\Users\v_yutavoxie\Desktop\开发常用操作\nodePsql\node_modules\koa-jwt\lib\index.js:38:64
      at Array.map (<anonymous>)
      at jwt (C:\Users\v_yutavoxie\Desktop\开发常用操作\nodePsql\node_modules\koa-jwt\lib\index.js:38:43)
      at dispatch (C:\Users\v_yutavoxie\Desktop\开发常用操作\nodePsql\node_modules\koa-compose\index.js:42:32) {
    expiredAt: 2023-12-12T10:47:31.000Z
  },
  headers: {
    'Access-Control-Allow-Origin': 'http://localhost:8000',
    'Access-Control-Allow-Credentials': 'true',
    vary: 'Origin'
  }
}
[2023-12-19T12:41:17.611] [ERROR] application - UnauthorizedError: Authentication Error
    at Object.throw (C:\Users\v_yutavoxie\Desktop\开发常用操作\nodePsql\node_modules\koa\lib\context.js:97:11)
    at jwt (C:\Users\v_yutavoxie\Desktop\开发常用操作\nodePsql\node_modules\koa-jwt\lib\index.js:66:26)
    at processTicksAndRejections (internal/process/task_queues.js:97:5) {
  originalError: TokenExpiredError: jwt expired
      at C:\Users\v_yutavoxie\Desktop\开发常用操作\nodePsql\node_modules\jsonwebtoken\verify.js:190:21
      at getSecret (C:\Users\v_yutavoxie\Desktop\开发常用操作\nodePsql\node_modules\jsonwebtoken\verify.js:97:14)
      at Object.module.exports [as verify] (C:\Users\v_yutavoxie\Desktop\开发常用操作\nodePsql\node_modules\jsonwebtoken\verify.js:101:10)
      at C:\Users\v_yutavoxie\Desktop\开发常用操作\nodePsql\node_modules\koa-jwt\lib\verify.js:5:23
      at new Promise (<anonymous>)
      at module.exports (C:\Users\v_yutavoxie\Desktop\开发常用操作\nodePsql\node_modules\koa-jwt\lib\verify.js:4:12)
      at C:\Users\v_yutavoxie\Desktop\开发常用操作\nodePsql\node_modules\koa-jwt\lib\index.js:38:64
      at Array.map (<anonymous>)
      at jwt (C:\Users\v_yutavoxie\Desktop\开发常用操作\nodePsql\node_modules\koa-jwt\lib\index.js:38:43)
      at dispatch (C:\Users\v_yutavoxie\Desktop\开发常用操作\nodePsql\node_modules\koa-compose\index.js:42:32) {
    expiredAt: 2023-12-12T10:47:31.000Z
  },
  headers: {
    'Access-Control-Allow-Origin': 'http://localhost:8000',
    'Access-Control-Allow-Credentials': 'true',
    vary: 'Origin'
  }
}
[2023-12-19T12:43:08.849] [ERROR] application - UnauthorizedError: Authentication Error
    at Object.throw (C:\Users\v_yutavoxie\Desktop\开发常用操作\nodePsql\node_modules\koa\lib\context.js:97:11)
    at jwt (C:\Users\v_yutavoxie\Desktop\开发常用操作\nodePsql\node_modules\koa-jwt\lib\index.js:66:26)
    at processTicksAndRejections (internal/process/task_queues.js:97:5) {
  originalError: TokenExpiredError: jwt expired
      at C:\Users\v_yutavoxie\Desktop\开发常用操作\nodePsql\node_modules\jsonwebtoken\verify.js:190:21
      at getSecret (C:\Users\v_yutavoxie\Desktop\开发常用操作\nodePsql\node_modules\jsonwebtoken\verify.js:97:14)
      at Object.module.exports [as verify] (C:\Users\v_yutavoxie\Desktop\开发常用操作\nodePsql\node_modules\jsonwebtoken\verify.js:101:10)
      at C:\Users\v_yutavoxie\Desktop\开发常用操作\nodePsql\node_modules\koa-jwt\lib\verify.js:5:23
      at new Promise (<anonymous>)
      at module.exports (C:\Users\v_yutavoxie\Desktop\开发常用操作\nodePsql\node_modules\koa-jwt\lib\verify.js:4:12)
      at C:\Users\v_yutavoxie\Desktop\开发常用操作\nodePsql\node_modules\koa-jwt\lib\index.js:38:64
      at Array.map (<anonymous>)
      at jwt (C:\Users\v_yutavoxie\Desktop\开发常用操作\nodePsql\node_modules\koa-jwt\lib\index.js:38:43)
      at dispatch (C:\Users\v_yutavoxie\Desktop\开发常用操作\nodePsql\node_modules\koa-compose\index.js:42:32) {
    expiredAt: 2023-12-12T10:47:31.000Z
  },
  headers: {
    'Access-Control-Allow-Origin': 'http://localhost:8000',
    'Access-Control-Allow-Credentials': 'true',
    vary: 'Origin'
  }
}
[2023-12-19T12:43:21.832] [ERROR] application - UnauthorizedError: Authentication Error
    at Object.throw (C:\Users\v_yutavoxie\Desktop\开发常用操作\nodePsql\node_modules\koa\lib\context.js:97:11)
    at jwt (C:\Users\v_yutavoxie\Desktop\开发常用操作\nodePsql\node_modules\koa-jwt\lib\index.js:66:26)
    at processTicksAndRejections (internal/process/task_queues.js:97:5) {
  originalError: TokenExpiredError: jwt expired
      at C:\Users\v_yutavoxie\Desktop\开发常用操作\nodePsql\node_modules\jsonwebtoken\verify.js:190:21
      at getSecret (C:\Users\v_yutavoxie\Desktop\开发常用操作\nodePsql\node_modules\jsonwebtoken\verify.js:97:14)
      at Object.module.exports [as verify] (C:\Users\v_yutavoxie\Desktop\开发常用操作\nodePsql\node_modules\jsonwebtoken\verify.js:101:10)
      at C:\Users\v_yutavoxie\Desktop\开发常用操作\nodePsql\node_modules\koa-jwt\lib\verify.js:5:23
      at new Promise (<anonymous>)
      at module.exports (C:\Users\v_yutavoxie\Desktop\开发常用操作\nodePsql\node_modules\koa-jwt\lib\verify.js:4:12)
      at C:\Users\v_yutavoxie\Desktop\开发常用操作\nodePsql\node_modules\koa-jwt\lib\index.js:38:64
      at Array.map (<anonymous>)
      at jwt (C:\Users\v_yutavoxie\Desktop\开发常用操作\nodePsql\node_modules\koa-jwt\lib\index.js:38:43)
      at dispatch (C:\Users\v_yutavoxie\Desktop\开发常用操作\nodePsql\node_modules\koa-compose\index.js:42:32) {
    expiredAt: 2023-12-12T10:47:31.000Z
  },
  headers: {
    'Access-Control-Allow-Origin': 'http://localhost:8000',
    'Access-Control-Allow-Credentials': 'true',
    vary: 'Origin'
  }
}
[2023-12-19T12:44:59.771] [ERROR] application - UnauthorizedError: Authentication Error
    at Object.throw (C:\Users\v_yutavoxie\Desktop\开发常用操作\nodePsql\node_modules\koa\lib\context.js:97:11)
    at jwt (C:\Users\v_yutavoxie\Desktop\开发常用操作\nodePsql\node_modules\koa-jwt\lib\index.js:66:26)
    at processTicksAndRejections (internal/process/task_queues.js:97:5) {
  originalError: TokenExpiredError: jwt expired
      at C:\Users\v_yutavoxie\Desktop\开发常用操作\nodePsql\node_modules\jsonwebtoken\verify.js:190:21
      at getSecret (C:\Users\v_yutavoxie\Desktop\开发常用操作\nodePsql\node_modules\jsonwebtoken\verify.js:97:14)
      at Object.module.exports [as verify] (C:\Users\v_yutavoxie\Desktop\开发常用操作\nodePsql\node_modules\jsonwebtoken\verify.js:101:10)
      at C:\Users\v_yutavoxie\Desktop\开发常用操作\nodePsql\node_modules\koa-jwt\lib\verify.js:5:23
      at new Promise (<anonymous>)
      at module.exports (C:\Users\v_yutavoxie\Desktop\开发常用操作\nodePsql\node_modules\koa-jwt\lib\verify.js:4:12)
      at C:\Users\v_yutavoxie\Desktop\开发常用操作\nodePsql\node_modules\koa-jwt\lib\index.js:38:64
      at Array.map (<anonymous>)
      at jwt (C:\Users\v_yutavoxie\Desktop\开发常用操作\nodePsql\node_modules\koa-jwt\lib\index.js:38:43)
      at C:\Users\v_yutavoxie\Desktop\开发常用操作\nodePsql\node_modules\koa-unless\index.js:29:12 {
    expiredAt: 2023-12-12T10:47:31.000Z
  },
  headers: {
    'Access-Control-Allow-Origin': 'http://localhost:8000',
    'Access-Control-Allow-Credentials': 'true',
    vary: 'Origin'
  }
}
[2023-12-19T12:45:59.813] [ERROR] application - UnauthorizedError: Authentication Error
    at Object.throw (C:\Users\v_yutavoxie\Desktop\开发常用操作\nodePsql\node_modules\koa\lib\context.js:97:11)
    at jwt (C:\Users\v_yutavoxie\Desktop\开发常用操作\nodePsql\node_modules\koa-jwt\lib\index.js:66:26)
    at processTicksAndRejections (internal/process/task_queues.js:97:5) {
  originalError: TokenExpiredError: jwt expired
      at C:\Users\v_yutavoxie\Desktop\开发常用操作\nodePsql\node_modules\jsonwebtoken\verify.js:190:21
      at getSecret (C:\Users\v_yutavoxie\Desktop\开发常用操作\nodePsql\node_modules\jsonwebtoken\verify.js:97:14)
      at Object.module.exports [as verify] (C:\Users\v_yutavoxie\Desktop\开发常用操作\nodePsql\node_modules\jsonwebtoken\verify.js:101:10)
      at C:\Users\v_yutavoxie\Desktop\开发常用操作\nodePsql\node_modules\koa-jwt\lib\verify.js:5:23
      at new Promise (<anonymous>)
      at module.exports (C:\Users\v_yutavoxie\Desktop\开发常用操作\nodePsql\node_modules\koa-jwt\lib\verify.js:4:12)
      at C:\Users\v_yutavoxie\Desktop\开发常用操作\nodePsql\node_modules\koa-jwt\lib\index.js:38:64
      at Array.map (<anonymous>)
      at jwt (C:\Users\v_yutavoxie\Desktop\开发常用操作\nodePsql\node_modules\koa-jwt\lib\index.js:38:43)
      at C:\Users\v_yutavoxie\Desktop\开发常用操作\nodePsql\node_modules\koa-unless\index.js:29:12 {
    expiredAt: 2023-12-12T10:47:31.000Z
  },
  headers: {
    'Access-Control-Allow-Origin': 'http://localhost:8000',
    'Access-Control-Allow-Credentials': 'true',
    vary: 'Origin'
  }
}
[2023-12-19T12:47:07.660] [ERROR] application - UnauthorizedError: Authentication Error
    at Object.throw (C:\Users\v_yutavoxie\Desktop\开发常用操作\nodePsql\node_modules\koa\lib\context.js:97:11)
    at jwt (C:\Users\v_yutavoxie\Desktop\开发常用操作\nodePsql\node_modules\koa-jwt\lib\index.js:66:26)
    at processTicksAndRejections (internal/process/task_queues.js:97:5) {
  originalError: TokenExpiredError: jwt expired
      at C:\Users\v_yutavoxie\Desktop\开发常用操作\nodePsql\node_modules\jsonwebtoken\verify.js:190:21
      at getSecret (C:\Users\v_yutavoxie\Desktop\开发常用操作\nodePsql\node_modules\jsonwebtoken\verify.js:97:14)
      at Object.module.exports [as verify] (C:\Users\v_yutavoxie\Desktop\开发常用操作\nodePsql\node_modules\jsonwebtoken\verify.js:101:10)
      at C:\Users\v_yutavoxie\Desktop\开发常用操作\nodePsql\node_modules\koa-jwt\lib\verify.js:5:23
      at new Promise (<anonymous>)
      at module.exports (C:\Users\v_yutavoxie\Desktop\开发常用操作\nodePsql\node_modules\koa-jwt\lib\verify.js:4:12)
      at C:\Users\v_yutavoxie\Desktop\开发常用操作\nodePsql\node_modules\koa-jwt\lib\index.js:38:64
      at Array.map (<anonymous>)
      at jwt (C:\Users\v_yutavoxie\Desktop\开发常用操作\nodePsql\node_modules\koa-jwt\lib\index.js:38:43)
      at C:\Users\v_yutavoxie\Desktop\开发常用操作\nodePsql\node_modules\koa-unless\index.js:29:12 {
    expiredAt: 2023-12-12T10:47:31.000Z
  },
  headers: {
    'Access-Control-Allow-Origin': 'http://localhost:8000',
    'Access-Control-Allow-Credentials': 'true',
    vary: 'Origin'
  }
}
