[2023-11-16T10:45:05.939] [ERROR] application - Error: error
    at C:\Users\v_yutavoxie\Desktop\开发常用操作\nodePsql\router\user01Router.js:22:11
    at dispatch (C:\Users\v_yutavoxie\Desktop\开发常用操作\nodePsql\node_modules\koa-compose\index.js:42:32)
    at C:\Users\v_yutavoxie\Desktop\开发常用操作\nodePsql\node_modules\@koa\router\lib\router.js:425:16
    at dispatch (C:\Users\v_yutavoxie\Desktop\开发常用操作\nodePsql\node_modules\koa-compose\index.js:42:32)
    at C:\Users\v_yutavoxie\Desktop\开发常用操作\nodePsql\node_modules\koa-compose\index.js:34:12
    at dispatch (C:\Users\v_yutavoxie\Desktop\开发常用操作\nodePsql\node_modules\@koa\router\lib\router.js:430:31)
    at dispatch (C:\Users\v_yutavoxie\Desktop\开发常用操作\nodePsql\node_modules\koa-compose\index.js:42:32)
    at cors (C:\Users\v_yutavoxie\Desktop\开发常用操作\nodePsql\node_modules\@koa\cors\index.js:108:22) {
  headers: {
    'Access-Control-Allow-Origin': 'http://localhost:8000',
    'Access-Control-Allow-Credentials': 'true',
    vary: 'Origin'
  }
}
[2023-11-16T10:51:16.283] [ERROR] application - Error: error
    at C:\Users\v_yutavoxie\Desktop\开发常用操作\nodePsql\router\user01Router.js:22:11
    at dispatch (C:\Users\v_yutavoxie\Desktop\开发常用操作\nodePsql\node_modules\koa-compose\index.js:42:32)
    at C:\Users\v_yutavoxie\Desktop\开发常用操作\nodePsql\node_modules\@koa\router\lib\router.js:425:16
    at dispatch (C:\Users\v_yutavoxie\Desktop\开发常用操作\nodePsql\node_modules\koa-compose\index.js:42:32)
    at C:\Users\v_yutavoxie\Desktop\开发常用操作\nodePsql\node_modules\koa-compose\index.js:34:12
    at dispatch (C:\Users\v_yutavoxie\Desktop\开发常用操作\nodePsql\node_modules\@koa\router\lib\router.js:430:31)
    at dispatch (C:\Users\v_yutavoxie\Desktop\开发常用操作\nodePsql\node_modules\koa-compose\index.js:42:32)
    at cors (C:\Users\v_yutavoxie\Desktop\开发常用操作\nodePsql\node_modules\@koa\cors\index.js:108:22) {
  headers: {
    'Access-Control-Allow-Origin': 'http://localhost:8000',
    'Access-Control-Allow-Credentials': 'true',
    vary: 'Origin'
  }
}
[2023-11-16T10:51:56.930] [ERROR] application - Error: error
    at C:\Users\v_yutavoxie\Desktop\开发常用操作\nodePsql\router\user01Router.js:22:11
    at dispatch (C:\Users\v_yutavoxie\Desktop\开发常用操作\nodePsql\node_modules\koa-compose\index.js:42:32)
    at C:\Users\v_yutavoxie\Desktop\开发常用操作\nodePsql\node_modules\@koa\router\lib\router.js:425:16
    at dispatch (C:\Users\v_yutavoxie\Desktop\开发常用操作\nodePsql\node_modules\koa-compose\index.js:42:32)
    at C:\Users\v_yutavoxie\Desktop\开发常用操作\nodePsql\node_modules\koa-compose\index.js:34:12
    at dispatch (C:\Users\v_yutavoxie\Desktop\开发常用操作\nodePsql\node_modules\@koa\router\lib\router.js:430:31)
    at dispatch (C:\Users\v_yutavoxie\Desktop\开发常用操作\nodePsql\node_modules\koa-compose\index.js:42:32)
    at cors (C:\Users\v_yutavoxie\Desktop\开发常用操作\nodePsql\node_modules\@koa\cors\index.js:108:22) {
  headers: {
    'Access-Control-Allow-Origin': 'http://localhost:8000',
    'Access-Control-Allow-Credentials': 'true',
    vary: 'Origin'
  }
}
[2023-11-16T10:52:22.878] [ERROR] application - Error: error
    at C:\Users\v_yutavoxie\Desktop\开发常用操作\nodePsql\router\user01Router.js:22:11
    at dispatch (C:\Users\v_yutavoxie\Desktop\开发常用操作\nodePsql\node_modules\koa-compose\index.js:42:32)
    at C:\Users\v_yutavoxie\Desktop\开发常用操作\nodePsql\node_modules\@koa\router\lib\router.js:425:16
    at dispatch (C:\Users\v_yutavoxie\Desktop\开发常用操作\nodePsql\node_modules\koa-compose\index.js:42:32)
    at C:\Users\v_yutavoxie\Desktop\开发常用操作\nodePsql\node_modules\koa-compose\index.js:34:12
    at dispatch (C:\Users\v_yutavoxie\Desktop\开发常用操作\nodePsql\node_modules\@koa\router\lib\router.js:430:31)
    at dispatch (C:\Users\v_yutavoxie\Desktop\开发常用操作\nodePsql\node_modules\koa-compose\index.js:42:32)
    at cors (C:\Users\v_yutavoxie\Desktop\开发常用操作\nodePsql\node_modules\@koa\cors\index.js:108:22) {
  headers: {
    'Access-Control-Allow-Origin': 'http://localhost:8000',
    'Access-Control-Allow-Credentials': 'true',
    vary: 'Origin'
  }
}
[2023-11-16T10:54:03.440] [ERROR] application - Error: error
    at C:\Users\v_yutavoxie\Desktop\开发常用操作\nodePsql\router\user01Router.js:22:11
    at dispatch (C:\Users\v_yutavoxie\Desktop\开发常用操作\nodePsql\node_modules\koa-compose\index.js:42:32)
    at C:\Users\v_yutavoxie\Desktop\开发常用操作\nodePsql\node_modules\@koa\router\lib\router.js:425:16
    at dispatch (C:\Users\v_yutavoxie\Desktop\开发常用操作\nodePsql\node_modules\koa-compose\index.js:42:32)
    at C:\Users\v_yutavoxie\Desktop\开发常用操作\nodePsql\node_modules\koa-compose\index.js:34:12
    at dispatch (C:\Users\v_yutavoxie\Desktop\开发常用操作\nodePsql\node_modules\@koa\router\lib\router.js:430:31)
    at dispatch (C:\Users\v_yutavoxie\Desktop\开发常用操作\nodePsql\node_modules\koa-compose\index.js:42:32)
    at cors (C:\Users\v_yutavoxie\Desktop\开发常用操作\nodePsql\node_modules\@koa\cors\index.js:108:22) {
  headers: {
    'Access-Control-Allow-Origin': 'http://localhost:8000',
    'Access-Control-Allow-Credentials': 'true',
    vary: 'Origin'
  }
}
