[2023-09-28T17:38:44.174] [ERROR] application - UnauthorizedError: Authentication Error
    at Object.throw (C:\Users\v_yutavoxie\Desktop\开发常用操作\nodePsql\node_modules\koa\lib\context.js:97:11)
    at jwt (C:\Users\v_yutavoxie\Desktop\开发常用操作\nodePsql\node_modules\koa-jwt\lib\index.js:66:26)
    at async cors (C:\Users\v_yutavoxie\Desktop\开发常用操作\nodePsql\node_modules\@koa\cors\index.js:108:16)
    at async session (C:\Users\v_yutavoxie\Desktop\开发常用操作\nodePsql\node_modules\koa-session\index.js:41:7)
    at async C:\Users\v_yutavoxie\Desktop\开发常用操作\nodePsql\node_modules\koa-log4\koa-logger.js:86:7
    at async serve (C:\Users\v_yutavoxie\Desktop\开发常用操作\nodePsql\node_modules\koa-static\index.js:53:9) {
  originalError: TokenExpiredError: jwt expired
      at C:\Users\v_yutavoxie\Desktop\开发常用操作\nodePsql\node_modules\jsonwebtoken\verify.js:190:21
      at getSecret (C:\Users\v_yutavoxie\Desktop\开发常用操作\nodePsql\node_modules\jsonwebtoken\verify.js:97:14)
      at module.exports [as verify] (C:\Users\v_yutavoxie\Desktop\开发常用操作\nodePsql\node_modules\jsonwebtoken\verify.js:101:10)
      at C:\Users\v_yutavoxie\Desktop\开发常用操作\nodePsql\node_modules\koa-jwt\lib\verify.js:5:13
      at new Promise (<anonymous>)
      at module.exports (C:\Users\v_yutavoxie\Desktop\开发常用操作\nodePsql\node_modules\koa-jwt\lib\verify.js:4:12)
      at C:\Users\v_yutavoxie\Desktop\开发常用操作\nodePsql\node_modules\koa-jwt\lib\index.js:38:64
      at Array.map (<anonymous>)
      at jwt (C:\Users\v_yutavoxie\Desktop\开发常用操作\nodePsql\node_modules\koa-jwt\lib\index.js:38:43)
      at C:\Users\v_yutavoxie\Desktop\开发常用操作\nodePsql\node_modules\koa-unless\index.js:29:12 {
    expiredAt: 2023-09-28T09:07:24.000Z
  },
  headers: {
    'Access-Control-Allow-Origin': 'http://localhost:8000',
    'Access-Control-Allow-Credentials': 'true',
    vary: 'Origin'
  }
}
[2023-09-28T17:39:39.390] [ERROR] application - UnauthorizedError: Authentication Error
    at Object.throw (C:\Users\v_yutavoxie\Desktop\开发常用操作\nodePsql\node_modules\koa\lib\context.js:97:11)
    at jwt (C:\Users\v_yutavoxie\Desktop\开发常用操作\nodePsql\node_modules\koa-jwt\lib\index.js:66:26)
    at async cors (C:\Users\v_yutavoxie\Desktop\开发常用操作\nodePsql\node_modules\@koa\cors\index.js:108:16)
    at async session (C:\Users\v_yutavoxie\Desktop\开发常用操作\nodePsql\node_modules\koa-session\index.js:41:7)
    at async C:\Users\v_yutavoxie\Desktop\开发常用操作\nodePsql\node_modules\koa-log4\koa-logger.js:86:7
    at async serve (C:\Users\v_yutavoxie\Desktop\开发常用操作\nodePsql\node_modules\koa-static\index.js:53:9) {
  originalError: TokenExpiredError: jwt expired
      at C:\Users\v_yutavoxie\Desktop\开发常用操作\nodePsql\node_modules\jsonwebtoken\verify.js:190:21
      at getSecret (C:\Users\v_yutavoxie\Desktop\开发常用操作\nodePsql\node_modules\jsonwebtoken\verify.js:97:14)
      at module.exports [as verify] (C:\Users\v_yutavoxie\Desktop\开发常用操作\nodePsql\node_modules\jsonwebtoken\verify.js:101:10)
      at C:\Users\v_yutavoxie\Desktop\开发常用操作\nodePsql\node_modules\koa-jwt\lib\verify.js:5:13
      at new Promise (<anonymous>)
      at module.exports (C:\Users\v_yutavoxie\Desktop\开发常用操作\nodePsql\node_modules\koa-jwt\lib\verify.js:4:12)
      at C:\Users\v_yutavoxie\Desktop\开发常用操作\nodePsql\node_modules\koa-jwt\lib\index.js:38:64
      at Array.map (<anonymous>)
      at jwt (C:\Users\v_yutavoxie\Desktop\开发常用操作\nodePsql\node_modules\koa-jwt\lib\index.js:38:43)
      at C:\Users\v_yutavoxie\Desktop\开发常用操作\nodePsql\node_modules\koa-unless\index.js:29:12 {
    expiredAt: 2023-09-28T09:07:24.000Z
  },
  headers: {
    'Access-Control-Allow-Origin': 'http://localhost:8000',
    'Access-Control-Allow-Credentials': 'true',
    vary: 'Origin'
  }
}
[2023-09-28T17:39:55.610] [ERROR] application - UnauthorizedError: Authentication Error
    at Object.throw (C:\Users\v_yutavoxie\Desktop\开发常用操作\nodePsql\node_modules\koa\lib\context.js:97:11)
    at jwt (C:\Users\v_yutavoxie\Desktop\开发常用操作\nodePsql\node_modules\koa-jwt\lib\index.js:66:26)
    at async cors (C:\Users\v_yutavoxie\Desktop\开发常用操作\nodePsql\node_modules\@koa\cors\index.js:108:16)
    at async session (C:\Users\v_yutavoxie\Desktop\开发常用操作\nodePsql\node_modules\koa-session\index.js:41:7)
    at async C:\Users\v_yutavoxie\Desktop\开发常用操作\nodePsql\node_modules\koa-log4\koa-logger.js:86:7
    at async serve (C:\Users\v_yutavoxie\Desktop\开发常用操作\nodePsql\node_modules\koa-static\index.js:53:9) {
  originalError: TokenExpiredError: jwt expired
      at C:\Users\v_yutavoxie\Desktop\开发常用操作\nodePsql\node_modules\jsonwebtoken\verify.js:190:21
      at getSecret (C:\Users\v_yutavoxie\Desktop\开发常用操作\nodePsql\node_modules\jsonwebtoken\verify.js:97:14)
      at module.exports [as verify] (C:\Users\v_yutavoxie\Desktop\开发常用操作\nodePsql\node_modules\jsonwebtoken\verify.js:101:10)
      at C:\Users\v_yutavoxie\Desktop\开发常用操作\nodePsql\node_modules\koa-jwt\lib\verify.js:5:13
      at new Promise (<anonymous>)
      at module.exports (C:\Users\v_yutavoxie\Desktop\开发常用操作\nodePsql\node_modules\koa-jwt\lib\verify.js:4:12)
      at C:\Users\v_yutavoxie\Desktop\开发常用操作\nodePsql\node_modules\koa-jwt\lib\index.js:38:64
      at Array.map (<anonymous>)
      at jwt (C:\Users\v_yutavoxie\Desktop\开发常用操作\nodePsql\node_modules\koa-jwt\lib\index.js:38:43)
      at C:\Users\v_yutavoxie\Desktop\开发常用操作\nodePsql\node_modules\koa-unless\index.js:29:12 {
    expiredAt: 2023-09-28T09:07:24.000Z
  },
  headers: {
    'Access-Control-Allow-Origin': 'http://localhost:8000',
    'Access-Control-Allow-Credentials': 'true',
    vary: 'Origin'
  }
}
[2023-09-28T17:45:45.417] [ERROR] application - UnauthorizedError: Authentication Error
    at Object.throw (C:\Users\v_yutavoxie\Desktop\开发常用操作\nodePsql\node_modules\koa\lib\context.js:97:11)
    at jwt (C:\Users\v_yutavoxie\Desktop\开发常用操作\nodePsql\node_modules\koa-jwt\lib\index.js:66:26)
    at async cors (C:\Users\v_yutavoxie\Desktop\开发常用操作\nodePsql\node_modules\@koa\cors\index.js:108:16)
    at async session (C:\Users\v_yutavoxie\Desktop\开发常用操作\nodePsql\node_modules\koa-session\index.js:41:7)
    at async C:\Users\v_yutavoxie\Desktop\开发常用操作\nodePsql\node_modules\koa-log4\koa-logger.js:86:7
    at async serve (C:\Users\v_yutavoxie\Desktop\开发常用操作\nodePsql\node_modules\koa-static\index.js:53:9) {
  originalError: TokenExpiredError: jwt expired
      at C:\Users\v_yutavoxie\Desktop\开发常用操作\nodePsql\node_modules\jsonwebtoken\verify.js:190:21
      at getSecret (C:\Users\v_yutavoxie\Desktop\开发常用操作\nodePsql\node_modules\jsonwebtoken\verify.js:97:14)
      at module.exports [as verify] (C:\Users\v_yutavoxie\Desktop\开发常用操作\nodePsql\node_modules\jsonwebtoken\verify.js:101:10)
      at C:\Users\v_yutavoxie\Desktop\开发常用操作\nodePsql\node_modules\koa-jwt\lib\verify.js:5:13
      at new Promise (<anonymous>)
      at module.exports (C:\Users\v_yutavoxie\Desktop\开发常用操作\nodePsql\node_modules\koa-jwt\lib\verify.js:4:12)
      at C:\Users\v_yutavoxie\Desktop\开发常用操作\nodePsql\node_modules\koa-jwt\lib\index.js:38:64
      at Array.map (<anonymous>)
      at jwt (C:\Users\v_yutavoxie\Desktop\开发常用操作\nodePsql\node_modules\koa-jwt\lib\index.js:38:43)
      at C:\Users\v_yutavoxie\Desktop\开发常用操作\nodePsql\node_modules\koa-unless\index.js:29:12 {
    expiredAt: 2023-09-28T09:07:24.000Z
  },
  headers: {
    'Access-Control-Allow-Origin': 'http://localhost:8000',
    'Access-Control-Allow-Credentials': 'true',
    vary: 'Origin'
  }
}
[2023-09-28T17:46:21.188] [ERROR] application - UnauthorizedError: Authentication Error
    at Object.throw (C:\Users\v_yutavoxie\Desktop\开发常用操作\nodePsql\node_modules\koa\lib\context.js:97:11)
    at jwt (C:\Users\v_yutavoxie\Desktop\开发常用操作\nodePsql\node_modules\koa-jwt\lib\index.js:66:26)
    at async cors (C:\Users\v_yutavoxie\Desktop\开发常用操作\nodePsql\node_modules\@koa\cors\index.js:108:16)
    at async session (C:\Users\v_yutavoxie\Desktop\开发常用操作\nodePsql\node_modules\koa-session\index.js:41:7)
    at async C:\Users\v_yutavoxie\Desktop\开发常用操作\nodePsql\node_modules\koa-log4\koa-logger.js:86:7
    at async serve (C:\Users\v_yutavoxie\Desktop\开发常用操作\nodePsql\node_modules\koa-static\index.js:53:9) {
  originalError: TokenExpiredError: jwt expired
      at C:\Users\v_yutavoxie\Desktop\开发常用操作\nodePsql\node_modules\jsonwebtoken\verify.js:190:21
      at getSecret (C:\Users\v_yutavoxie\Desktop\开发常用操作\nodePsql\node_modules\jsonwebtoken\verify.js:97:14)
      at module.exports [as verify] (C:\Users\v_yutavoxie\Desktop\开发常用操作\nodePsql\node_modules\jsonwebtoken\verify.js:101:10)
      at C:\Users\v_yutavoxie\Desktop\开发常用操作\nodePsql\node_modules\koa-jwt\lib\verify.js:5:13
      at new Promise (<anonymous>)
      at module.exports (C:\Users\v_yutavoxie\Desktop\开发常用操作\nodePsql\node_modules\koa-jwt\lib\verify.js:4:12)
      at C:\Users\v_yutavoxie\Desktop\开发常用操作\nodePsql\node_modules\koa-jwt\lib\index.js:38:64
      at Array.map (<anonymous>)
      at jwt (C:\Users\v_yutavoxie\Desktop\开发常用操作\nodePsql\node_modules\koa-jwt\lib\index.js:38:43)
      at C:\Users\v_yutavoxie\Desktop\开发常用操作\nodePsql\node_modules\koa-unless\index.js:29:12 {
    expiredAt: 2023-09-28T09:07:24.000Z
  },
  headers: {
    'Access-Control-Allow-Origin': 'http://localhost:8000',
    'Access-Control-Allow-Credentials': 'true',
    vary: 'Origin'
  }
}
[2023-09-28T17:55:23.727] [ERROR] application - UnauthorizedError: Authentication Error
    at Object.throw (C:\Users\v_yutavoxie\Desktop\开发常用操作\nodePsql\node_modules\koa\lib\context.js:97:11)
    at jwt (C:\Users\v_yutavoxie\Desktop\开发常用操作\nodePsql\node_modules\koa-jwt\lib\index.js:66:26)
    at async cors (C:\Users\v_yutavoxie\Desktop\开发常用操作\nodePsql\node_modules\@koa\cors\index.js:108:16)
    at async session (C:\Users\v_yutavoxie\Desktop\开发常用操作\nodePsql\node_modules\koa-session\index.js:41:7)
    at async C:\Users\v_yutavoxie\Desktop\开发常用操作\nodePsql\node_modules\koa-log4\koa-logger.js:86:7
    at async serve (C:\Users\v_yutavoxie\Desktop\开发常用操作\nodePsql\node_modules\koa-static\index.js:53:9) {
  originalError: TokenExpiredError: jwt expired
      at C:\Users\v_yutavoxie\Desktop\开发常用操作\nodePsql\node_modules\jsonwebtoken\verify.js:190:21
      at getSecret (C:\Users\v_yutavoxie\Desktop\开发常用操作\nodePsql\node_modules\jsonwebtoken\verify.js:97:14)
      at module.exports [as verify] (C:\Users\v_yutavoxie\Desktop\开发常用操作\nodePsql\node_modules\jsonwebtoken\verify.js:101:10)
      at C:\Users\v_yutavoxie\Desktop\开发常用操作\nodePsql\node_modules\koa-jwt\lib\verify.js:5:13
      at new Promise (<anonymous>)
      at module.exports (C:\Users\v_yutavoxie\Desktop\开发常用操作\nodePsql\node_modules\koa-jwt\lib\verify.js:4:12)
      at C:\Users\v_yutavoxie\Desktop\开发常用操作\nodePsql\node_modules\koa-jwt\lib\index.js:38:64
      at Array.map (<anonymous>)
      at jwt (C:\Users\v_yutavoxie\Desktop\开发常用操作\nodePsql\node_modules\koa-jwt\lib\index.js:38:43)
      at C:\Users\v_yutavoxie\Desktop\开发常用操作\nodePsql\node_modules\koa-unless\index.js:29:12 {
    expiredAt: 2023-09-28T09:07:24.000Z
  },
  headers: {
    'Access-Control-Allow-Origin': 'http://localhost:8000',
    'Access-Control-Allow-Credentials': 'true',
    vary: 'Origin'
  }
}
[2023-09-28T17:56:15.497] [ERROR] application - TypeError: Cannot destructure property 'data' of 'ctx.state.user' as it is undefined.
    at C:\Users\v_yutavoxie\Desktop\开发常用操作\nodePsql\router\user01Router.js:57:12
    at dispatch (C:\Users\v_yutavoxie\Desktop\开发常用操作\nodePsql\node_modules\koa-compose\index.js:42:32)
    at C:\Users\v_yutavoxie\Desktop\开发常用操作\nodePsql\node_modules\@koa\router\lib\router.js:425:16
    at dispatch (C:\Users\v_yutavoxie\Desktop\开发常用操作\nodePsql\node_modules\koa-compose\index.js:42:32)
    at C:\Users\v_yutavoxie\Desktop\开发常用操作\nodePsql\node_modules\koa-unless\index.js:26:14
    at dispatch (C:\Users\v_yutavoxie\Desktop\开发常用操作\nodePsql\node_modules\koa-compose\index.js:42:32)
    at C:\Users\v_yutavoxie\Desktop\开发常用操作\nodePsql\node_modules\@koa\router\lib\router.js:425:16
    at dispatch (C:\Users\v_yutavoxie\Desktop\开发常用操作\nodePsql\node_modules\koa-compose\index.js:42:32)
    at C:\Users\v_yutavoxie\Desktop\开发常用操作\nodePsql\node_modules\koa-compose\index.js:34:12
    at dispatch (C:\Users\v_yutavoxie\Desktop\开发常用操作\nodePsql\node_modules\@koa\router\lib\router.js:430:31) {
  headers: {
    'Access-Control-Allow-Origin': 'http://localhost:8000',
    'Access-Control-Allow-Credentials': 'true',
    vary: 'Origin'
  }
}
[2023-09-28T17:58:03.854] [ERROR] application - TypeError: Cannot destructure property 'data' of 'ctx.state.user' as it is undefined.
    at C:\Users\v_yutavoxie\Desktop\开发常用操作\nodePsql\router\user01Router.js:57:12
    at dispatch (C:\Users\v_yutavoxie\Desktop\开发常用操作\nodePsql\node_modules\koa-compose\index.js:42:32)
    at C:\Users\v_yutavoxie\Desktop\开发常用操作\nodePsql\node_modules\@koa\router\lib\router.js:425:16
    at dispatch (C:\Users\v_yutavoxie\Desktop\开发常用操作\nodePsql\node_modules\koa-compose\index.js:42:32)
    at C:\Users\v_yutavoxie\Desktop\开发常用操作\nodePsql\node_modules\koa-unless\index.js:26:14
    at dispatch (C:\Users\v_yutavoxie\Desktop\开发常用操作\nodePsql\node_modules\koa-compose\index.js:42:32)
    at C:\Users\v_yutavoxie\Desktop\开发常用操作\nodePsql\node_modules\@koa\router\lib\router.js:425:16
    at dispatch (C:\Users\v_yutavoxie\Desktop\开发常用操作\nodePsql\node_modules\koa-compose\index.js:42:32)
    at C:\Users\v_yutavoxie\Desktop\开发常用操作\nodePsql\node_modules\koa-compose\index.js:34:12
    at dispatch (C:\Users\v_yutavoxie\Desktop\开发常用操作\nodePsql\node_modules\@koa\router\lib\router.js:430:31) {
  headers: {
    'Access-Control-Allow-Origin': 'http://localhost:8000',
    'Access-Control-Allow-Credentials': 'true',
    vary: 'Origin'
  }
}
[2023-09-28T17:58:54.786] [ERROR] application - TypeError: Cannot destructure property 'data' of 'ctx.state.user' as it is undefined.
    at C:\Users\v_yutavoxie\Desktop\开发常用操作\nodePsql\router\user01Router.js:58:12
    at dispatch (C:\Users\v_yutavoxie\Desktop\开发常用操作\nodePsql\node_modules\koa-compose\index.js:42:32)
    at C:\Users\v_yutavoxie\Desktop\开发常用操作\nodePsql\node_modules\@koa\router\lib\router.js:425:16
    at dispatch (C:\Users\v_yutavoxie\Desktop\开发常用操作\nodePsql\node_modules\koa-compose\index.js:42:32)
    at C:\Users\v_yutavoxie\Desktop\开发常用操作\nodePsql\node_modules\koa-unless\index.js:26:14
    at dispatch (C:\Users\v_yutavoxie\Desktop\开发常用操作\nodePsql\node_modules\koa-compose\index.js:42:32)
    at C:\Users\v_yutavoxie\Desktop\开发常用操作\nodePsql\node_modules\@koa\router\lib\router.js:425:16
    at dispatch (C:\Users\v_yutavoxie\Desktop\开发常用操作\nodePsql\node_modules\koa-compose\index.js:42:32)
    at C:\Users\v_yutavoxie\Desktop\开发常用操作\nodePsql\node_modules\koa-compose\index.js:34:12
    at dispatch (C:\Users\v_yutavoxie\Desktop\开发常用操作\nodePsql\node_modules\@koa\router\lib\router.js:430:31) {
  headers: {
    'Access-Control-Allow-Origin': 'http://localhost:8000',
    'Access-Control-Allow-Credentials': 'true',
    vary: 'Origin'
  }
}
[2023-09-28T18:03:59.580] [ERROR] application - TypeError: Cannot destructure property 'data' of 'ctx.state.user' as it is undefined.
    at C:\Users\v_yutavoxie\Desktop\开发常用操作\nodePsql\router\user01Router.js:58:12
    at dispatch (C:\Users\v_yutavoxie\Desktop\开发常用操作\nodePsql\node_modules\koa-compose\index.js:42:32)
    at C:\Users\v_yutavoxie\Desktop\开发常用操作\nodePsql\node_modules\@koa\router\lib\router.js:425:16
    at dispatch (C:\Users\v_yutavoxie\Desktop\开发常用操作\nodePsql\node_modules\koa-compose\index.js:42:32)
    at C:\Users\v_yutavoxie\Desktop\开发常用操作\nodePsql\node_modules\koa-unless\index.js:26:14
    at dispatch (C:\Users\v_yutavoxie\Desktop\开发常用操作\nodePsql\node_modules\koa-compose\index.js:42:32)
    at C:\Users\v_yutavoxie\Desktop\开发常用操作\nodePsql\node_modules\@koa\router\lib\router.js:425:16
    at dispatch (C:\Users\v_yutavoxie\Desktop\开发常用操作\nodePsql\node_modules\koa-compose\index.js:42:32)
    at C:\Users\v_yutavoxie\Desktop\开发常用操作\nodePsql\node_modules\koa-compose\index.js:34:12
    at dispatch (C:\Users\v_yutavoxie\Desktop\开发常用操作\nodePsql\node_modules\@koa\router\lib\router.js:430:31) {
  headers: {
    'Access-Control-Allow-Origin': 'http://localhost:8000',
    'Access-Control-Allow-Credentials': 'true',
    vary: 'Origin'
  }
}
