[2023-12-12T15:47:12.867] [ERROR] application - SyntaxError: Unexpected token o in JSON at position 1
    at JSON.parse (<anonymous>)
    at userValidate (C:\Users\v_yutavoxie\Desktop\开发常用操作\nodePsql\middleware\user.middleware.js:10:45)
    at dispatch (C:\Users\v_yutavoxie\Desktop\开发常用操作\nodePsql\node_modules\koa-compose\index.js:42:32)
    at C:\Users\v_yutavoxie\Desktop\开发常用操作\nodePsql\node_modules\@koa\router\lib\router.js:425:16
    at dispatch (C:\Users\v_yutavoxie\Desktop\开发常用操作\nodePsql\node_modules\koa-compose\index.js:42:32)
    at C:\Users\v_yutavoxie\Desktop\开发常用操作\nodePsql\node_modules\koa-compose\index.js:34:12
    at dispatch (C:\Users\v_yutavoxie\Desktop\开发常用操作\nodePsql\node_modules\@koa\router\lib\router.js:430:31)
    at dispatch (C:\Users\v_yutavoxie\Desktop\开发常用操作\nodePsql\node_modules\koa-compose\index.js:42:32)
    at C:\Users\v_yutavoxie\Desktop\开发常用操作\nodePsql\app\index.js:48:11
    at dispatch (C:\Users\v_yutavoxie\Desktop\开发常用操作\nodePsql\node_modules\koa-compose\index.js:42:32) {
  headers: {
    'Access-Control-Allow-Origin': 'http://localhost:8000',
    'Access-Control-Allow-Credentials': 'true',
    vary: 'Origin'
  }
}
[2023-12-12T15:49:48.815] [ERROR] application - { code: 409, message: '用户名已存在', result: '' }
[2023-12-12T15:50:10.968] [ERROR] application - SyntaxError: Unexpected token o in JSON at position 1
    at JSON.parse (<anonymous>)
    at userValidate (C:\Users\v_yutavoxie\Desktop\开发常用操作\nodePsql\middleware\user.middleware.js:10:45)
    at dispatch (C:\Users\v_yutavoxie\Desktop\开发常用操作\nodePsql\node_modules\koa-compose\index.js:42:32)
    at C:\Users\v_yutavoxie\Desktop\开发常用操作\nodePsql\node_modules\@koa\router\lib\router.js:425:16
    at dispatch (C:\Users\v_yutavoxie\Desktop\开发常用操作\nodePsql\node_modules\koa-compose\index.js:42:32)
    at C:\Users\v_yutavoxie\Desktop\开发常用操作\nodePsql\node_modules\koa-compose\index.js:34:12
    at dispatch (C:\Users\v_yutavoxie\Desktop\开发常用操作\nodePsql\node_modules\@koa\router\lib\router.js:430:31)
    at dispatch (C:\Users\v_yutavoxie\Desktop\开发常用操作\nodePsql\node_modules\koa-compose\index.js:42:32)
    at C:\Users\v_yutavoxie\Desktop\开发常用操作\nodePsql\app\index.js:48:11
    at dispatch (C:\Users\v_yutavoxie\Desktop\开发常用操作\nodePsql\node_modules\koa-compose\index.js:42:32) {
  headers: {
    'Access-Control-Allow-Origin': 'http://localhost:8000',
    'Access-Control-Allow-Credentials': 'true',
    vary: 'Origin'
  }
}
[2023-12-12T15:50:38.320] [ERROR] application - SyntaxError: Unexpected token o in JSON at position 1
    at JSON.parse (<anonymous>)
    at userValidate (C:\Users\v_yutavoxie\Desktop\开发常用操作\nodePsql\middleware\user.middleware.js:10:45)
    at dispatch (C:\Users\v_yutavoxie\Desktop\开发常用操作\nodePsql\node_modules\koa-compose\index.js:42:32)
    at C:\Users\v_yutavoxie\Desktop\开发常用操作\nodePsql\node_modules\@koa\router\lib\router.js:425:16
    at dispatch (C:\Users\v_yutavoxie\Desktop\开发常用操作\nodePsql\node_modules\koa-compose\index.js:42:32)
    at C:\Users\v_yutavoxie\Desktop\开发常用操作\nodePsql\node_modules\koa-compose\index.js:34:12
    at dispatch (C:\Users\v_yutavoxie\Desktop\开发常用操作\nodePsql\node_modules\@koa\router\lib\router.js:430:31)
    at dispatch (C:\Users\v_yutavoxie\Desktop\开发常用操作\nodePsql\node_modules\koa-compose\index.js:42:32)
    at cors (C:\Users\v_yutavoxie\Desktop\开发常用操作\nodePsql\node_modules\@koa\cors\index.js:108:22)
    at processTicksAndRejections (internal/process/task_queues.js:97:5) {
  headers: {
    'Access-Control-Allow-Origin': 'http://localhost:8000',
    'Access-Control-Allow-Credentials': 'true',
    vary: 'Origin'
  }
}
[2023-12-12T15:51:52.586] [ERROR] application - { code: 409, message: '用户名已存在', result: '' }
[2023-12-12T16:11:37.248] [ERROR] application - { code: 409, message: '用户名已存在', result: '' }
[2023-12-12T16:12:15.281] [ERROR] application - { code: 409, message: '用户名已存在', result: '' }
[2023-12-12T16:12:32.789] [ERROR] application - SyntaxError: Unexpected token o in JSON at position 1
    at JSON.parse (<anonymous>)
    at C:\Users\v_yutavoxie\Desktop\开发常用操作\nodePsql\app\index.js:41:29
    at dispatch (C:\Users\v_yutavoxie\Desktop\开发常用操作\nodePsql\node_modules\koa-compose\index.js:42:32)
    at C:\Users\v_yutavoxie\Desktop\开发常用操作\nodePsql\node_modules\koa-body\lib\index.js:115:16
    at dispatch (C:\Users\v_yutavoxie\Desktop\开发常用操作\nodePsql\node_modules\koa-compose\index.js:42:32)
    at session (C:\Users\v_yutavoxie\Desktop\开发常用操作\nodePsql\node_modules\koa-session\index.js:41:13)
    at dispatch (C:\Users\v_yutavoxie\Desktop\开发常用操作\nodePsql\node_modules\koa-compose\index.js:42:32)
    at C:\Users\v_yutavoxie\Desktop\开发常用操作\nodePsql\node_modules\koa-log4\koa-logger.js:86:13
    at dispatch (C:\Users\v_yutavoxie\Desktop\开发常用操作\nodePsql\node_modules\koa-compose\index.js:42:32)
    at serve (C:\Users\v_yutavoxie\Desktop\开发常用操作\nodePsql\node_modules\koa-static\index.js:53:15)
[2023-12-12T16:14:34.636] [ERROR] application - SyntaxError: Unexpected token o in JSON at position 1
    at JSON.parse (<anonymous>)
    at C:\Users\v_yutavoxie\Desktop\开发常用操作\nodePsql\app\index.js:41:29
    at dispatch (C:\Users\v_yutavoxie\Desktop\开发常用操作\nodePsql\node_modules\koa-compose\index.js:42:32)
    at C:\Users\v_yutavoxie\Desktop\开发常用操作\nodePsql\node_modules\koa-body\lib\index.js:115:16
    at dispatch (C:\Users\v_yutavoxie\Desktop\开发常用操作\nodePsql\node_modules\koa-compose\index.js:42:32)
    at session (C:\Users\v_yutavoxie\Desktop\开发常用操作\nodePsql\node_modules\koa-session\index.js:41:13)
    at dispatch (C:\Users\v_yutavoxie\Desktop\开发常用操作\nodePsql\node_modules\koa-compose\index.js:42:32)
    at C:\Users\v_yutavoxie\Desktop\开发常用操作\nodePsql\node_modules\koa-log4\koa-logger.js:86:13
    at dispatch (C:\Users\v_yutavoxie\Desktop\开发常用操作\nodePsql\node_modules\koa-compose\index.js:42:32)
    at serve (C:\Users\v_yutavoxie\Desktop\开发常用操作\nodePsql\node_modules\koa-static\index.js:53:15)
[2023-12-12T16:15:19.390] [ERROR] application - SyntaxError: Unexpected token o in JSON at position 1
    at JSON.parse (<anonymous>)
    at C:\Users\v_yutavoxie\Desktop\开发常用操作\nodePsql\app\index.js:41:29
    at dispatch (C:\Users\v_yutavoxie\Desktop\开发常用操作\nodePsql\node_modules\koa-compose\index.js:42:32)
    at C:\Users\v_yutavoxie\Desktop\开发常用操作\nodePsql\node_modules\koa-body\lib\index.js:115:16
    at dispatch (C:\Users\v_yutavoxie\Desktop\开发常用操作\nodePsql\node_modules\koa-compose\index.js:42:32)
    at session (C:\Users\v_yutavoxie\Desktop\开发常用操作\nodePsql\node_modules\koa-session\index.js:41:13)
    at dispatch (C:\Users\v_yutavoxie\Desktop\开发常用操作\nodePsql\node_modules\koa-compose\index.js:42:32)
    at C:\Users\v_yutavoxie\Desktop\开发常用操作\nodePsql\node_modules\koa-log4\koa-logger.js:86:13
    at dispatch (C:\Users\v_yutavoxie\Desktop\开发常用操作\nodePsql\node_modules\koa-compose\index.js:42:32)
    at serve (C:\Users\v_yutavoxie\Desktop\开发常用操作\nodePsql\node_modules\koa-static\index.js:53:15)
[2023-12-12T16:15:53.047] [ERROR] application - SyntaxError: Unexpected token o in JSON at position 1
    at JSON.parse (<anonymous>)
    at C:\Users\v_yutavoxie\Desktop\开发常用操作\nodePsql\app\index.js:41:29
    at dispatch (C:\Users\v_yutavoxie\Desktop\开发常用操作\nodePsql\node_modules\koa-compose\index.js:42:32)
    at C:\Users\v_yutavoxie\Desktop\开发常用操作\nodePsql\node_modules\koa-body\lib\index.js:115:16
    at dispatch (C:\Users\v_yutavoxie\Desktop\开发常用操作\nodePsql\node_modules\koa-compose\index.js:42:32)
    at session (C:\Users\v_yutavoxie\Desktop\开发常用操作\nodePsql\node_modules\koa-session\index.js:41:13)
    at dispatch (C:\Users\v_yutavoxie\Desktop\开发常用操作\nodePsql\node_modules\koa-compose\index.js:42:32)
    at C:\Users\v_yutavoxie\Desktop\开发常用操作\nodePsql\node_modules\koa-log4\koa-logger.js:86:13
    at dispatch (C:\Users\v_yutavoxie\Desktop\开发常用操作\nodePsql\node_modules\koa-compose\index.js:42:32)
    at serve (C:\Users\v_yutavoxie\Desktop\开发常用操作\nodePsql\node_modules\koa-static\index.js:53:15)
[2023-12-12T16:16:01.654] [ERROR] application - SyntaxError: Unexpected token o in JSON at position 1
    at JSON.parse (<anonymous>)
    at C:\Users\v_yutavoxie\Desktop\开发常用操作\nodePsql\app\index.js:41:29
    at dispatch (C:\Users\v_yutavoxie\Desktop\开发常用操作\nodePsql\node_modules\koa-compose\index.js:42:32)
    at C:\Users\v_yutavoxie\Desktop\开发常用操作\nodePsql\node_modules\koa-body\lib\index.js:115:16
    at dispatch (C:\Users\v_yutavoxie\Desktop\开发常用操作\nodePsql\node_modules\koa-compose\index.js:42:32)
    at session (C:\Users\v_yutavoxie\Desktop\开发常用操作\nodePsql\node_modules\koa-session\index.js:41:13)
    at dispatch (C:\Users\v_yutavoxie\Desktop\开发常用操作\nodePsql\node_modules\koa-compose\index.js:42:32)
    at C:\Users\v_yutavoxie\Desktop\开发常用操作\nodePsql\node_modules\koa-log4\koa-logger.js:86:13
    at dispatch (C:\Users\v_yutavoxie\Desktop\开发常用操作\nodePsql\node_modules\koa-compose\index.js:42:32)
    at serve (C:\Users\v_yutavoxie\Desktop\开发常用操作\nodePsql\node_modules\koa-static\index.js:53:15)
[2023-12-12T16:17:25.297] [ERROR] application - TypeError: Cannot convert object to primitive value
    at JSON.parse (<anonymous>)
    at C:\Users\v_yutavoxie\Desktop\开发常用操作\nodePsql\app\index.js:40:22
    at dispatch (C:\Users\v_yutavoxie\Desktop\开发常用操作\nodePsql\node_modules\koa-compose\index.js:42:32)
    at C:\Users\v_yutavoxie\Desktop\开发常用操作\nodePsql\node_modules\koa-body\lib\index.js:115:16
    at dispatch (C:\Users\v_yutavoxie\Desktop\开发常用操作\nodePsql\node_modules\koa-compose\index.js:42:32)
    at session (C:\Users\v_yutavoxie\Desktop\开发常用操作\nodePsql\node_modules\koa-session\index.js:41:13)
    at dispatch (C:\Users\v_yutavoxie\Desktop\开发常用操作\nodePsql\node_modules\koa-compose\index.js:42:32)
    at C:\Users\v_yutavoxie\Desktop\开发常用操作\nodePsql\node_modules\koa-log4\koa-logger.js:86:13
    at dispatch (C:\Users\v_yutavoxie\Desktop\开发常用操作\nodePsql\node_modules\koa-compose\index.js:42:32)
    at serve (C:\Users\v_yutavoxie\Desktop\开发常用操作\nodePsql\node_modules\koa-static\index.js:53:15)
[2023-12-12T16:24:13.784] [ERROR] application - { code: 400, message: '用户名或密码为空', result: '' }
[2023-12-12T17:07:32.097] [ERROR] application - SyntaxError: Unexpected token o in JSON at position 1
    at JSON.parse (<anonymous>)
    at C:\Users\v_yutavoxie\Desktop\开发常用操作\nodePsql\app\index.js:39:29
    at dispatch (C:\Users\v_yutavoxie\Desktop\开发常用操作\nodePsql\node_modules\koa-compose\index.js:42:32)
    at C:\Users\v_yutavoxie\Desktop\开发常用操作\nodePsql\node_modules\koa-body\lib\index.js:115:16
    at dispatch (C:\Users\v_yutavoxie\Desktop\开发常用操作\nodePsql\node_modules\koa-compose\index.js:42:32)
    at session (C:\Users\v_yutavoxie\Desktop\开发常用操作\nodePsql\node_modules\koa-session\index.js:41:13)
    at dispatch (C:\Users\v_yutavoxie\Desktop\开发常用操作\nodePsql\node_modules\koa-compose\index.js:42:32)
    at C:\Users\v_yutavoxie\Desktop\开发常用操作\nodePsql\node_modules\koa-log4\koa-logger.js:86:13
    at dispatch (C:\Users\v_yutavoxie\Desktop\开发常用操作\nodePsql\node_modules\koa-compose\index.js:42:32)
    at serve (C:\Users\v_yutavoxie\Desktop\开发常用操作\nodePsql\node_modules\koa-static\index.js:53:15)
[2023-12-12T17:17:32.658] [ERROR] application - Error: Illegal arguments: number, string
    at Object.bcrypt.hashSync (C:\Users\v_yutavoxie\Desktop\开发常用操作\nodePsql\node_modules\bcryptjs\dist\bcrypt.js:189:19)
    at bcryptPassword (C:\Users\v_yutavoxie\Desktop\开发常用操作\nodePsql\middleware\user.middleware.js:37:29)
    at dispatch (C:\Users\v_yutavoxie\Desktop\开发常用操作\nodePsql\node_modules\koa-compose\index.js:42:32)
    at userController (C:\Users\v_yutavoxie\Desktop\开发常用操作\nodePsql\middleware\user.middleware.js:31:15)
    at processTicksAndRejections (internal/process/task_queues.js:97:5)
    at async userValidate (C:\Users\v_yutavoxie\Desktop\开发常用操作\nodePsql\middleware\user.middleware.js:15:9)
    at async cors (C:\Users\v_yutavoxie\Desktop\开发常用操作\nodePsql\node_modules\@koa\cors\index.js:108:16)
    at async C:\Users\v_yutavoxie\Desktop\开发常用操作\nodePsql\app\index.js:42:5
    at async session (C:\Users\v_yutavoxie\Desktop\开发常用操作\nodePsql\node_modules\koa-session\index.js:41:7)
    at async C:\Users\v_yutavoxie\Desktop\开发常用操作\nodePsql\node_modules\koa-log4\koa-logger.js:86:7 {
  headers: {
    'Access-Control-Allow-Origin': 'http://localhost:8000',
    'Access-Control-Allow-Credentials': 'true',
    vary: 'Origin'
  }
}
[2023-12-12T17:21:53.024] [ERROR] application - Error: Illegal arguments: number, string
    at Object.bcrypt.hashSync (C:\Users\v_yutavoxie\Desktop\开发常用操作\nodePsql\node_modules\bcryptjs\dist\bcrypt.js:189:19)
    at bcryptPassword (C:\Users\v_yutavoxie\Desktop\开发常用操作\nodePsql\middleware\user.middleware.js:35:29)
    at dispatch (C:\Users\v_yutavoxie\Desktop\开发常用操作\nodePsql\node_modules\koa-compose\index.js:42:32)
    at userController (C:\Users\v_yutavoxie\Desktop\开发常用操作\nodePsql\middleware\user.middleware.js:29:15)
    at processTicksAndRejections (internal/process/task_queues.js:97:5)
    at async userValidate (C:\Users\v_yutavoxie\Desktop\开发常用操作\nodePsql\middleware\user.middleware.js:13:9)
    at async cors (C:\Users\v_yutavoxie\Desktop\开发常用操作\nodePsql\node_modules\@koa\cors\index.js:108:16)
    at async C:\Users\v_yutavoxie\Desktop\开发常用操作\nodePsql\app\index.js:42:5
    at async session (C:\Users\v_yutavoxie\Desktop\开发常用操作\nodePsql\node_modules\koa-session\index.js:41:7)
    at async C:\Users\v_yutavoxie\Desktop\开发常用操作\nodePsql\node_modules\koa-log4\koa-logger.js:86:7 {
  headers: {
    'Access-Control-Allow-Origin': 'http://localhost:8000',
    'Access-Control-Allow-Credentials': 'true',
    vary: 'Origin'
  }
}
[2023-12-12T17:22:26.408] [ERROR] application - Error: Illegal arguments: number, string
    at Object.bcrypt.hashSync (C:\Users\v_yutavoxie\Desktop\开发常用操作\nodePsql\node_modules\bcryptjs\dist\bcrypt.js:189:19)
    at bcryptPassword (C:\Users\v_yutavoxie\Desktop\开发常用操作\nodePsql\middleware\user.middleware.js:37:29)
    at dispatch (C:\Users\v_yutavoxie\Desktop\开发常用操作\nodePsql\node_modules\koa-compose\index.js:42:32)
    at userController (C:\Users\v_yutavoxie\Desktop\开发常用操作\nodePsql\middleware\user.middleware.js:30:15)
    at processTicksAndRejections (internal/process/task_queues.js:97:5)
    at async userValidate (C:\Users\v_yutavoxie\Desktop\开发常用操作\nodePsql\middleware\user.middleware.js:13:9)
    at async cors (C:\Users\v_yutavoxie\Desktop\开发常用操作\nodePsql\node_modules\@koa\cors\index.js:108:16)
    at async C:\Users\v_yutavoxie\Desktop\开发常用操作\nodePsql\app\index.js:42:5
    at async session (C:\Users\v_yutavoxie\Desktop\开发常用操作\nodePsql\node_modules\koa-session\index.js:41:7)
    at async C:\Users\v_yutavoxie\Desktop\开发常用操作\nodePsql\node_modules\koa-log4\koa-logger.js:86:7 {
  headers: {
    'Access-Control-Allow-Origin': 'http://localhost:8000',
    'Access-Control-Allow-Credentials': 'true',
    vary: 'Origin'
  }
}
[2023-12-12T17:23:21.005] [ERROR] application - Error: Illegal arguments: number, string
    at Object.bcrypt.hashSync (C:\Users\v_yutavoxie\Desktop\开发常用操作\nodePsql\node_modules\bcryptjs\dist\bcrypt.js:189:19)
    at bcryptPassword (C:\Users\v_yutavoxie\Desktop\开发常用操作\nodePsql\middleware\user.middleware.js:38:29)
    at dispatch (C:\Users\v_yutavoxie\Desktop\开发常用操作\nodePsql\node_modules\koa-compose\index.js:42:32)
    at userController (C:\Users\v_yutavoxie\Desktop\开发常用操作\nodePsql\middleware\user.middleware.js:30:15)
    at processTicksAndRejections (internal/process/task_queues.js:97:5)
    at async userValidate (C:\Users\v_yutavoxie\Desktop\开发常用操作\nodePsql\middleware\user.middleware.js:13:9)
    at async cors (C:\Users\v_yutavoxie\Desktop\开发常用操作\nodePsql\node_modules\@koa\cors\index.js:108:16)
    at async C:\Users\v_yutavoxie\Desktop\开发常用操作\nodePsql\app\index.js:42:5
    at async session (C:\Users\v_yutavoxie\Desktop\开发常用操作\nodePsql\node_modules\koa-session\index.js:41:7)
    at async C:\Users\v_yutavoxie\Desktop\开发常用操作\nodePsql\node_modules\koa-log4\koa-logger.js:86:7 {
  headers: {
    'Access-Control-Allow-Origin': 'http://localhost:8000',
    'Access-Control-Allow-Credentials': 'true',
    vary: 'Origin'
  }
}
[2023-12-12T17:35:58.135] [ERROR] application - ReferenceError: hash is not defined
    at bcryptPassword (C:\Users\v_yutavoxie\Desktop\开发常用操作\nodePsql\middleware\user.middleware.js:41:21)
    at dispatch (C:\Users\v_yutavoxie\Desktop\开发常用操作\nodePsql\node_modules\koa-compose\index.js:42:32)
    at userController (C:\Users\v_yutavoxie\Desktop\开发常用操作\nodePsql\middleware\user.middleware.js:29:15)
    at processTicksAndRejections (internal/process/task_queues.js:97:5)
    at async userValidate (C:\Users\v_yutavoxie\Desktop\开发常用操作\nodePsql\middleware\user.middleware.js:13:9)
    at async cors (C:\Users\v_yutavoxie\Desktop\开发常用操作\nodePsql\node_modules\@koa\cors\index.js:108:16)
    at async C:\Users\v_yutavoxie\Desktop\开发常用操作\nodePsql\app\index.js:42:5
    at async session (C:\Users\v_yutavoxie\Desktop\开发常用操作\nodePsql\node_modules\koa-session\index.js:41:7)
    at async C:\Users\v_yutavoxie\Desktop\开发常用操作\nodePsql\node_modules\koa-log4\koa-logger.js:86:7
    at async serve (C:\Users\v_yutavoxie\Desktop\开发常用操作\nodePsql\node_modules\koa-static\index.js:53:9) {
  headers: {
    'Access-Control-Allow-Origin': 'http://localhost:8000',
    'Access-Control-Allow-Credentials': 'true',
    vary: 'Origin'
  }
}
[2023-12-12T17:37:04.116] [ERROR] application - ReferenceError: hash is not defined
    at bcryptPassword (C:\Users\v_yutavoxie\Desktop\开发常用操作\nodePsql\middleware\user.middleware.js:41:21)
    at dispatch (C:\Users\v_yutavoxie\Desktop\开发常用操作\nodePsql\node_modules\koa-compose\index.js:42:32)
    at userController (C:\Users\v_yutavoxie\Desktop\开发常用操作\nodePsql\middleware\user.middleware.js:29:15)
    at processTicksAndRejections (internal/process/task_queues.js:97:5)
    at async userValidate (C:\Users\v_yutavoxie\Desktop\开发常用操作\nodePsql\middleware\user.middleware.js:13:9)
    at async cors (C:\Users\v_yutavoxie\Desktop\开发常用操作\nodePsql\node_modules\@koa\cors\index.js:108:16)
    at async C:\Users\v_yutavoxie\Desktop\开发常用操作\nodePsql\app\index.js:42:5
    at async session (C:\Users\v_yutavoxie\Desktop\开发常用操作\nodePsql\node_modules\koa-session\index.js:41:7)
    at async C:\Users\v_yutavoxie\Desktop\开发常用操作\nodePsql\node_modules\koa-log4\koa-logger.js:86:7
    at async serve (C:\Users\v_yutavoxie\Desktop\开发常用操作\nodePsql\node_modules\koa-static\index.js:53:9) {
  headers: {
    'Access-Control-Allow-Origin': 'http://localhost:8000',
    'Access-Control-Allow-Credentials': 'true',
    vary: 'Origin'
  }
}
[2023-12-12T18:31:49.075] [ERROR] application - { code: 400, message: '用户名或密码为空', result: '' }
