[2023-12-20T11:55:39.559] [ERROR] application - UnauthorizedError: Authentication Error
    at Object.throw (C:\Users\v_yutavoxie\Desktop\开发常用操作\nodePsql\node_modules\koa\lib\context.js:97:11)
    at jwt (C:\Users\v_yutavoxie\Desktop\开发常用操作\nodePsql\node_modules\koa-jwt\lib\index.js:66:26)
    at processTicksAndRejections (internal/process/task_queues.js:97:5) {
  originalError: JsonWebTokenError: invalid token
      at Object.module.exports [as verify] (C:\Users\v_yutavoxie\Desktop\开发常用操作\nodePsql\node_modules\jsonwebtoken\verify.js:82:17)
      at C:\Users\v_yutavoxie\Desktop\开发常用操作\nodePsql\node_modules\koa-jwt\lib\verify.js:5:23
      at new Promise (<anonymous>)
      at module.exports (C:\Users\v_yutavoxie\Desktop\开发常用操作\nodePsql\node_modules\koa-jwt\lib\verify.js:4:12)
      at C:\Users\v_yutavoxie\Desktop\开发常用操作\nodePsql\node_modules\koa-jwt\lib\index.js:38:64
      at Array.map (<anonymous>)
      at jwt (C:\Users\v_yutavoxie\Desktop\开发常用操作\nodePsql\node_modules\koa-jwt\lib\index.js:38:43)
      at C:\Users\v_yutavoxie\Desktop\开发常用操作\nodePsql\node_modules\koa-unless\index.js:29:12
      at dispatch (C:\Users\v_yutavoxie\Desktop\开发常用操作\nodePsql\node_modules\koa-compose\index.js:42:32)
      at C:\Users\v_yutavoxie\Desktop\开发常用操作\nodePsql\node_modules\@koa\router\lib\router.js:425:16,
  headers: {
    'Access-Control-Allow-Origin': 'http://localhost:8000',
    'Access-Control-Allow-Credentials': 'true',
    vary: 'Origin'
  }
}
[2023-12-20T11:56:55.005] [ERROR] application - JsonWebTokenError: invalid token
    at Object.module.exports [as verify] (C:\Users\v_yutavoxie\Desktop\开发常用操作\nodePsql\node_modules\jsonwebtoken\verify.js:82:17)
    at jwtParserAuth (C:\Users\v_yutavoxie\Desktop\开发常用操作\nodePsql\middleware\user.middleware.js:76:26)
    at dispatch (C:\Users\v_yutavoxie\Desktop\开发常用操作\nodePsql\node_modules\koa-compose\index.js:42:32)
    at C:\Users\v_yutavoxie\Desktop\开发常用操作\nodePsql\node_modules\@koa\router\lib\router.js:425:16
    at dispatch (C:\Users\v_yutavoxie\Desktop\开发常用操作\nodePsql\node_modules\koa-compose\index.js:42:32)
    at C:\Users\v_yutavoxie\Desktop\开发常用操作\nodePsql\node_modules\koa-compose\index.js:34:12
    at dispatch (C:\Users\v_yutavoxie\Desktop\开发常用操作\nodePsql\node_modules\@koa\router\lib\router.js:430:31)
    at dispatch (C:\Users\v_yutavoxie\Desktop\开发常用操作\nodePsql\node_modules\koa-compose\index.js:42:32)
    at cors (C:\Users\v_yutavoxie\Desktop\开发常用操作\nodePsql\node_modules\@koa\cors\index.js:108:22)
    at processTicksAndRejections (internal/process/task_queues.js:97:5) {
  headers: {
    'Access-Control-Allow-Origin': 'http://localhost:8000',
    'Access-Control-Allow-Credentials': 'true',
    vary: 'Origin'
  }
}
[2023-12-20T12:28:28.766] [ERROR] application - { code: 401, message: '无效的token', result: '' }
[2023-12-20T12:28:56.747] [ERROR] application - TypeError: Cannot read property 'replace' of undefined
    at jwtParserAuth (C:\Users\v_yutavoxie\Desktop\开发常用操作\nodePsql\middleware\user.middleware.js:75:37)
    at dispatch (C:\Users\v_yutavoxie\Desktop\开发常用操作\nodePsql\node_modules\koa-compose\index.js:42:32)
    at C:\Users\v_yutavoxie\Desktop\开发常用操作\nodePsql\node_modules\@koa\router\lib\router.js:425:16
    at dispatch (C:\Users\v_yutavoxie\Desktop\开发常用操作\nodePsql\node_modules\koa-compose\index.js:42:32)
    at C:\Users\v_yutavoxie\Desktop\开发常用操作\nodePsql\node_modules\koa-compose\index.js:34:12
    at dispatch (C:\Users\v_yutavoxie\Desktop\开发常用操作\nodePsql\node_modules\@koa\router\lib\router.js:430:31)
    at dispatch (C:\Users\v_yutavoxie\Desktop\开发常用操作\nodePsql\node_modules\koa-compose\index.js:42:32)
    at cors (C:\Users\v_yutavoxie\Desktop\开发常用操作\nodePsql\node_modules\@koa\cors\index.js:108:22)
    at processTicksAndRejections (internal/process/task_queues.js:97:5)
    at async C:\Users\v_yutavoxie\Desktop\开发常用操作\nodePsql\app\index.js:42:5 {
  headers: {
    'Access-Control-Allow-Origin': 'http://localhost:8000',
    'Access-Control-Allow-Credentials': 'true',
    vary: 'Origin'
  }
}
[2023-12-20T12:30:18.531] [ERROR] application - ReferenceError: Cannot access 'token' before initialization
    at jwtParserAuth (C:\Users\v_yutavoxie\Desktop\开发常用操作\nodePsql\middleware\user.middleware.js:75:23)
    at dispatch (C:\Users\v_yutavoxie\Desktop\开发常用操作\nodePsql\node_modules\koa-compose\index.js:42:32)
    at C:\Users\v_yutavoxie\Desktop\开发常用操作\nodePsql\node_modules\@koa\router\lib\router.js:425:16
    at dispatch (C:\Users\v_yutavoxie\Desktop\开发常用操作\nodePsql\node_modules\koa-compose\index.js:42:32)
    at C:\Users\v_yutavoxie\Desktop\开发常用操作\nodePsql\node_modules\koa-compose\index.js:34:12
    at dispatch (C:\Users\v_yutavoxie\Desktop\开发常用操作\nodePsql\node_modules\@koa\router\lib\router.js:430:31)
    at dispatch (C:\Users\v_yutavoxie\Desktop\开发常用操作\nodePsql\node_modules\koa-compose\index.js:42:32)
    at cors (C:\Users\v_yutavoxie\Desktop\开发常用操作\nodePsql\node_modules\@koa\cors\index.js:108:22)
    at processTicksAndRejections (internal/process/task_queues.js:97:5)
    at async C:\Users\v_yutavoxie\Desktop\开发常用操作\nodePsql\app\index.js:42:5 {
  headers: {
    'Access-Control-Allow-Origin': 'http://localhost:8000',
    'Access-Control-Allow-Credentials': 'true',
    vary: 'Origin'
  }
}
[2023-12-20T12:31:15.542] [ERROR] application - ReferenceError: Cannot access 'token' before initialization
    at jwtParserAuth (C:\Users\v_yutavoxie\Desktop\开发常用操作\nodePsql\middleware\user.middleware.js:75:23)
    at dispatch (C:\Users\v_yutavoxie\Desktop\开发常用操作\nodePsql\node_modules\koa-compose\index.js:42:32)
    at C:\Users\v_yutavoxie\Desktop\开发常用操作\nodePsql\node_modules\@koa\router\lib\router.js:425:16
    at dispatch (C:\Users\v_yutavoxie\Desktop\开发常用操作\nodePsql\node_modules\koa-compose\index.js:42:32)
    at C:\Users\v_yutavoxie\Desktop\开发常用操作\nodePsql\node_modules\koa-compose\index.js:34:12
    at dispatch (C:\Users\v_yutavoxie\Desktop\开发常用操作\nodePsql\node_modules\@koa\router\lib\router.js:430:31)
    at dispatch (C:\Users\v_yutavoxie\Desktop\开发常用操作\nodePsql\node_modules\koa-compose\index.js:42:32)
    at cors (C:\Users\v_yutavoxie\Desktop\开发常用操作\nodePsql\node_modules\@koa\cors\index.js:108:22)
    at processTicksAndRejections (internal/process/task_queues.js:97:5)
    at async C:\Users\v_yutavoxie\Desktop\开发常用操作\nodePsql\app\index.js:42:5 {
  headers: {
    'Access-Control-Allow-Origin': 'http://localhost:8000',
    'Access-Control-Allow-Credentials': 'true',
    vary: 'Origin'
  }
}
[2023-12-20T12:31:37.013] [ERROR] application - { code: 401, message: '无token，请重新登录', result: '' }
[2023-12-20T12:33:14.242] [ERROR] application - { code: 401, message: 'token已过期', result: '' }
